2025-12-01 05:36:04,613 WARNING database DDL Query made to DB:
ALTER TABLE `tabEmployee Group`
				ADD INDEX IF NOT EXISTS `creation`(creation)
2025-12-01 05:36:04,636 WARNING database DDL Query made to DB:
ALTER TABLE `tabEmployee Group` DROP INDEX `modified`
2025-12-01 05:36:04,666 WARNING database DDL Query made to DB:
ALTER TABLE `tabBank Account Subtype`
				ADD INDEX IF NOT EXISTS `creation`(creation)
2025-12-01 05:36:04,690 WARNING database DDL Query made to DB:
ALTER TABLE `tabBank Account Subtype` DROP INDEX `modified`
2025-12-01 05:36:04,720 WARNING database DDL Query made to DB:
ALTER TABLE `tabBank Account Type`
				ADD INDEX IF NOT EXISTS `creation`(creation)
2025-12-01 05:36:04,743 WARNING database DDL Query made to DB:
ALTER TABLE `tabBank Account Type` DROP INDEX `modified`
2025-12-01 05:36:04,774 WARNING database DDL Query made to DB:
ALTER TABLE `tabBank Transaction`
				ADD INDEX IF NOT EXISTS `creation`(creation)
2025-12-01 05:36:04,797 WARNING database DDL Query made to DB:
ALTER TABLE `tabBank Transaction` DROP INDEX `modified`
2025-12-01 05:36:04,834 WARNING database DDL Query made to DB:
ALTER TABLE `tabVideo`
				ADD INDEX IF NOT EXISTS `creation`(creation)
2025-12-01 05:36:04,860 WARNING database DDL Query made to DB:
ALTER TABLE `tabVideo` DROP INDEX `modified`
2025-12-01 05:36:04,895 WARNING database DDL Query made to DB:
ALTER TABLE `tabQuality Meeting`
				ADD INDEX IF NOT EXISTS `creation`(creation)
2025-12-01 05:36:04,917 WARNING database DDL Query made to DB:
ALTER TABLE `tabQuality Meeting` DROP INDEX `modified`
2025-12-01 05:36:04,948 WARNING database DDL Query made to DB:
ALTER TABLE `tabQuality Procedure`
				ADD INDEX IF NOT EXISTS `creation`(creation)
2025-12-01 05:36:04,969 WARNING database DDL Query made to DB:
ALTER TABLE `tabQuality Procedure` DROP INDEX `modified`
2025-12-01 05:36:05,005 WARNING database DDL Query made to DB:
ALTER TABLE `tabRoute History`
				ADD INDEX IF NOT EXISTS `creation`(creation)
2025-12-01 05:36:05,029 WARNING database DDL Query made to DB:
ALTER TABLE `tabRoute History` DROP INDEX `modified`
2025-12-01 05:36:05,062 WARNING database DDL Query made to DB:
ALTER TABLE `tabQuality Goal`
				ADD INDEX IF NOT EXISTS `creation`(creation)
2025-12-01 05:36:05,101 WARNING database DDL Query made to DB:
ALTER TABLE `tabQuality Goal` DROP INDEX `modified`
2025-12-01 05:36:05,171 WARNING database DDL Query made to DB:
ALTER TABLE `tabQuality Review`
				ADD INDEX IF NOT EXISTS `creation`(creation)
2025-12-01 05:36:05,193 WARNING database DDL Query made to DB:
ALTER TABLE `tabQuality Review` DROP INDEX `modified`
2025-12-01 05:36:05,223 WARNING database DDL Query made to DB:
ALTER TABLE `tabQuality Action`
				ADD INDEX IF NOT EXISTS `creation`(creation)
2025-12-01 05:36:05,245 WARNING database DDL Query made to DB:
ALTER TABLE `tabQuality Action` DROP INDEX `modified`
2025-12-01 05:36:05,278 WARNING database DDL Query made to DB:
ALTER TABLE `tabMarket Segment`
				ADD INDEX IF NOT EXISTS `creation`(creation)
2025-12-01 05:36:05,299 WARNING database DDL Query made to DB:
ALTER TABLE `tabMarket Segment` DROP INDEX `modified`
2025-12-01 05:36:05,333 WARNING database DDL Query made to DB:
ALTER TABLE `tabSales Stage`
				ADD INDEX IF NOT EXISTS `creation`(creation)
2025-12-01 05:36:05,357 WARNING database DDL Query made to DB:
ALTER TABLE `tabSales Stage` DROP INDEX `modified`
2025-12-01 05:36:05,386 WARNING database DDL Query made to DB:
ALTER TABLE `tabEmail Digest`
				ADD INDEX IF NOT EXISTS `creation`(creation)
2025-12-01 05:36:05,429 WARNING database DDL Query made to DB:
ALTER TABLE `tabEmail Digest` DROP INDEX `modified`
2025-12-01 05:36:05,460 WARNING database DDL Query made to DB:
ALTER TABLE `tabPayment Order`
				ADD INDEX IF NOT EXISTS `creation`(creation)
2025-12-01 05:36:05,483 WARNING database DDL Query made to DB:
ALTER TABLE `tabPayment Order` DROP INDEX `modified`
2025-12-01 05:36:05,513 WARNING database DDL Query made to DB:
ALTER TABLE `tabRouting`
				ADD INDEX IF NOT EXISTS `creation`(creation)
2025-12-01 05:36:05,535 WARNING database DDL Query made to DB:
ALTER TABLE `tabRouting` DROP INDEX `modified`
2025-12-01 05:36:05,568 WARNING database DDL Query made to DB:
ALTER TABLE `tabJob Card`
				ADD INDEX IF NOT EXISTS `creation`(creation)
2025-12-01 05:36:05,593 WARNING database DDL Query made to DB:
ALTER TABLE `tabJob Card` DROP INDEX `modified`
2025-12-01 05:36:05,624 WARNING database DDL Query made to DB:
ALTER TABLE `tabPrepared Report`
				ADD INDEX IF NOT EXISTS `creation`(creation)
2025-12-01 05:36:05,647 WARNING database DDL Query made to DB:
ALTER TABLE `tabPrepared Report` DROP INDEX `modified`
2025-12-01 05:36:05,680 WARNING database DDL Query made to DB:
ALTER TABLE `tabEnergy Point Log`
				ADD INDEX IF NOT EXISTS `creation`(creation)
2025-12-01 05:36:05,716 WARNING database DDL Query made to DB:
ALTER TABLE `tabEnergy Point Rule`
				ADD INDEX IF NOT EXISTS `creation`(creation)
2025-12-01 05:36:05,747 WARNING database DDL Query made to DB:
ALTER TABLE `tabCashier Closing`
				ADD INDEX IF NOT EXISTS `creation`(creation)
2025-12-01 05:36:05,770 WARNING database DDL Query made to DB:
ALTER TABLE `tabCashier Closing` DROP INDEX `modified`
2025-12-01 05:36:05,805 WARNING database DDL Query made to DB:
ALTER TABLE `tabSales Partner Type`
				ADD INDEX IF NOT EXISTS `creation`(creation)
2025-12-01 05:36:05,827 WARNING database DDL Query made to DB:
ALTER TABLE `tabSales Partner Type` DROP INDEX `modified`
2025-12-01 05:36:05,859 WARNING database DDL Query made to DB:
ALTER TABLE `tabPOS Closing Entry`
				ADD INDEX IF NOT EXISTS `creation`(creation)
2025-12-01 05:36:05,882 WARNING database DDL Query made to DB:
ALTER TABLE `tabPOS Closing Entry` DROP INDEX `modified`
2025-12-01 05:36:05,910 WARNING database DDL Query made to DB:
ALTER TABLE `tabView Log`
				ADD INDEX IF NOT EXISTS `creation`(creation)
2025-12-01 05:36:05,932 WARNING database DDL Query made to DB:
ALTER TABLE `tabView Log` DROP INDEX `modified`
2025-12-01 05:36:05,962 WARNING database DDL Query made to DB:
ALTER TABLE `tabBlanket Order`
				ADD INDEX IF NOT EXISTS `creation`(creation)
2025-12-01 05:36:05,985 WARNING database DDL Query made to DB:
ALTER TABLE `tabBlanket Order` DROP INDEX `modified`
2025-12-01 05:36:06,015 WARNING database DDL Query made to DB:
ALTER TABLE `tabSlack Webhook URL`
				ADD INDEX IF NOT EXISTS `creation`(creation)
2025-12-01 05:36:06,039 WARNING database DDL Query made to DB:
ALTER TABLE `tabSlack Webhook URL` DROP INDEX `modified`
2025-12-01 05:36:06,070 WARNING database DDL Query made to DB:
ALTER TABLE `tabAsset Value Adjustment`
				ADD INDEX IF NOT EXISTS `creation`(creation)
2025-12-01 05:36:06,092 WARNING database DDL Query made to DB:
ALTER TABLE `tabAsset Value Adjustment` DROP INDEX `modified`
2025-12-01 05:36:06,125 WARNING database DDL Query made to DB:
ALTER TABLE `tabLocation`
				ADD INDEX IF NOT EXISTS `creation`(creation)
2025-12-01 05:36:06,150 WARNING database DDL Query made to DB:
ALTER TABLE `tabLocation` DROP INDEX `modified`
2025-12-01 05:36:06,183 WARNING database DDL Query made to DB:
ALTER TABLE `tabUOM Conversion Factor`
				ADD INDEX IF NOT EXISTS `creation`(creation)
2025-12-01 05:36:06,207 WARNING database DDL Query made to DB:
ALTER TABLE `tabUOM Conversion Factor` DROP INDEX `modified`
2025-12-01 05:36:06,235 WARNING database DDL Query made to DB:
ALTER TABLE `tabUOM Category`
				ADD INDEX IF NOT EXISTS `creation`(creation)
2025-12-01 05:36:06,261 WARNING database DDL Query made to DB:
ALTER TABLE `tabUOM Category` DROP INDEX `modified`
2025-12-01 05:36:06,292 WARNING database DDL Query made to DB:
ALTER TABLE `tabContract Template`
				ADD INDEX IF NOT EXISTS `creation`(creation)
2025-12-01 05:36:06,315 WARNING database DDL Query made to DB:
ALTER TABLE `tabContract Template` DROP INDEX `modified`
2025-12-01 05:36:06,349 WARNING database DDL Query made to DB:
ALTER TABLE `tabSuccess Action`
				ADD INDEX IF NOT EXISTS `creation`(creation)
2025-12-01 05:36:06,370 WARNING database DDL Query made to DB:
ALTER TABLE `tabSuccess Action` DROP INDEX `modified`
2025-12-01 05:36:06,400 WARNING database DDL Query made to DB:
ALTER TABLE `tabAccounting Period`
				ADD INDEX IF NOT EXISTS `creation`(creation)
2025-12-01 05:36:06,432 WARNING database DDL Query made to DB:
ALTER TABLE `tabAccounting Period` DROP INDEX `modified`
2025-12-01 05:36:06,462 WARNING database DDL Query made to DB:
ALTER TABLE `tabTax Withholding Category`
				ADD INDEX IF NOT EXISTS `creation`(creation)
2025-12-01 05:36:06,484 WARNING database DDL Query made to DB:
ALTER TABLE `tabTax Withholding Category` DROP INDEX `modified`
2025-12-01 05:36:06,512 WARNING database DDL Query made to DB:
ALTER TABLE `tabExchange Rate Revaluation`
				ADD INDEX IF NOT EXISTS `creation`(creation)
2025-12-01 05:36:06,535 WARNING database DDL Query made to DB:
ALTER TABLE `tabExchange Rate Revaluation` DROP INDEX `modified`
2025-12-01 05:36:06,564 WARNING database DDL Query made to DB:
ALTER TABLE `tabFinance Book`
				ADD INDEX IF NOT EXISTS `creation`(creation)
2025-12-01 05:36:06,587 WARNING database DDL Query made to DB:
ALTER TABLE `tabFinance Book` DROP INDEX `modified`
2025-12-01 05:36:06,622 WARNING database DDL Query made to DB:
ALTER TABLE `tabContract`
				ADD INDEX IF NOT EXISTS `creation`(creation)
2025-12-01 05:36:06,644 WARNING database DDL Query made to DB:
ALTER TABLE `tabContract` DROP INDEX `modified`
2025-12-01 05:36:06,675 WARNING database DDL Query made to DB:
ALTER TABLE `tabBank`
				ADD INDEX IF NOT EXISTS `creation`(creation)
2025-12-01 05:36:06,696 WARNING database DDL Query made to DB:
ALTER TABLE `tabBank` DROP INDEX `modified`
2025-12-01 05:36:06,726 WARNING database DDL Query made to DB:
ALTER TABLE `tabAuto Repeat`
				ADD INDEX IF NOT EXISTS `creation`(creation)
2025-12-01 05:36:06,749 WARNING database DDL Query made to DB:
ALTER TABLE `tabAuto Repeat` DROP INDEX `modified`
2025-12-01 05:36:06,780 WARNING database DDL Query made to DB:
ALTER TABLE `tabItem Alternative`
				ADD INDEX IF NOT EXISTS `creation`(creation)
2025-12-01 05:36:06,803 WARNING database DDL Query made to DB:
ALTER TABLE `tabItem Alternative` DROP INDEX `modified`
2025-12-01 05:36:06,833 WARNING database DDL Query made to DB:
ALTER TABLE `tabSubscription Plan`
				ADD INDEX IF NOT EXISTS `creation`(creation)
2025-12-01 05:36:06,856 WARNING database DDL Query made to DB:
ALTER TABLE `tabSubscription Plan` DROP INDEX `modified`
2025-12-01 05:36:06,883 WARNING database DDL Query made to DB:
ALTER TABLE `tabList Filter`
				ADD INDEX IF NOT EXISTS `creation`(creation)
2025-12-01 05:36:06,908 WARNING database DDL Query made to DB:
ALTER TABLE `tabList Filter` DROP INDEX `modified`
2025-12-01 05:36:06,937 WARNING database DDL Query made to DB:
ALTER TABLE `tabTransaction Log`
				ADD INDEX IF NOT EXISTS `creation`(creation)
2025-12-01 05:36:06,968 WARNING database DDL Query made to DB:
ALTER TABLE `tabQuality Inspection Template`
				ADD INDEX IF NOT EXISTS `creation`(creation)
2025-12-01 05:36:06,991 WARNING database DDL Query made to DB:
ALTER TABLE `tabQuality Inspection Template` DROP INDEX `modified`
2025-12-01 05:36:07,019 WARNING database DDL Query made to DB:
ALTER TABLE `tabLoyalty Program`
				ADD INDEX IF NOT EXISTS `creation`(creation)
2025-12-01 05:36:07,046 WARNING database DDL Query made to DB:
ALTER TABLE `tabLoyalty Program` DROP INDEX `modified`
2025-12-01 05:36:07,076 WARNING database DDL Query made to DB:
ALTER TABLE `tabLoyalty Point Entry`
				ADD INDEX IF NOT EXISTS `creation`(creation)
2025-12-01 05:36:07,097 WARNING database DDL Query made to DB:
ALTER TABLE `tabLoyalty Point Entry` DROP INDEX `modified`
2025-12-01 05:36:07,128 WARNING database DDL Query made to DB:
ALTER TABLE `tabCoupon Code`
				ADD INDEX IF NOT EXISTS `creation`(creation)
2025-12-01 05:36:07,150 WARNING database DDL Query made to DB:
ALTER TABLE `tabCoupon Code` DROP INDEX `modified`
2025-12-01 05:36:07,178 WARNING database DDL Query made to DB:
ALTER TABLE `tabProject Update`
				ADD INDEX IF NOT EXISTS `creation`(creation)
2025-12-01 05:36:07,200 WARNING database DDL Query made to DB:
ALTER TABLE `tabProject Update` DROP INDEX `modified`
2025-12-01 05:36:07,255 WARNING database DDL Query made to DB:
ALTER TABLE `tabShare Type`
				ADD INDEX IF NOT EXISTS `creation`(creation)
2025-12-01 05:36:07,277 WARNING database DDL Query made to DB:
ALTER TABLE `tabShare Type` DROP INDEX `modified`
2025-12-01 05:36:07,307 WARNING database DDL Query made to DB:
ALTER TABLE `tabShare Transfer`
				ADD INDEX IF NOT EXISTS `creation`(creation)
2025-12-01 05:36:07,331 WARNING database DDL Query made to DB:
ALTER TABLE `tabShare Transfer` DROP INDEX `modified`
2025-12-01 05:36:07,359 WARNING database DDL Query made to DB:
ALTER TABLE `tabShareholder`
				ADD INDEX IF NOT EXISTS `creation`(creation)
2025-12-01 05:36:07,384 WARNING database DDL Query made to DB:
ALTER TABLE `tabShareholder` DROP INDEX `modified`
2025-12-01 05:36:07,412 WARNING database DDL Query made to DB:
ALTER TABLE `tabSocial Login Key`
				ADD INDEX IF NOT EXISTS `creation`(creation)
2025-12-01 05:36:07,436 WARNING database DDL Query made to DB:
ALTER TABLE `tabSocial Login Key` DROP INDEX `modified`
2025-12-01 05:36:07,463 WARNING database DDL Query made to DB:
ALTER TABLE `tabProduction Plan`
				ADD INDEX IF NOT EXISTS `creation`(creation)
2025-12-01 05:36:07,487 WARNING database DDL Query made to DB:
ALTER TABLE `tabProduction Plan` DROP INDEX `modified`
2025-12-01 05:36:07,515 WARNING database DDL Query made to DB:
ALTER TABLE `tabAsset Maintenance Log`
				ADD INDEX IF NOT EXISTS `creation`(creation)
2025-12-01 05:36:07,539 WARNING database DDL Query made to DB:
ALTER TABLE `tabAsset Maintenance Log` DROP INDEX `modified`
2025-12-01 05:36:07,566 WARNING database DDL Query made to DB:
ALTER TABLE `tabCalendar View`
				ADD INDEX IF NOT EXISTS `creation`(creation)
2025-12-01 05:36:07,591 WARNING database DDL Query made to DB:
ALTER TABLE `tabCalendar View` DROP INDEX `modified`
2025-12-01 05:36:07,618 WARNING database DDL Query made to DB:
ALTER TABLE `tabAsset Repair`
				ADD INDEX IF NOT EXISTS `creation`(creation)
2025-12-01 05:36:07,642 WARNING database DDL Query made to DB:
ALTER TABLE `tabAsset Repair` DROP INDEX `modified`
2025-12-01 05:36:07,669 WARNING database DDL Query made to DB:
ALTER TABLE `tabAsset Maintenance Team`
				ADD INDEX IF NOT EXISTS `creation`(creation)
2025-12-01 05:36:07,692 WARNING database DDL Query made to DB:
ALTER TABLE `tabAsset Maintenance Team` DROP INDEX `modified`
2025-12-01 05:36:07,723 WARNING database DDL Query made to DB:
ALTER TABLE `tabAsset Maintenance`
				ADD INDEX IF NOT EXISTS `creation`(creation)
2025-12-01 05:36:07,746 WARNING database DDL Query made to DB:
ALTER TABLE `tabAsset Maintenance` DROP INDEX `modified`
2025-12-01 05:36:07,776 WARNING database DDL Query made to DB:
ALTER TABLE `tabDriver`
				ADD INDEX IF NOT EXISTS `creation`(creation)
2025-12-01 05:36:07,797 WARNING database DDL Query made to DB:
ALTER TABLE `tabDriver` DROP INDEX `modified`
2025-12-01 05:36:07,824 WARNING database DDL Query made to DB:
ALTER TABLE `tabDelivery Trip`
				ADD INDEX IF NOT EXISTS `creation`(creation)
2025-12-01 05:36:07,847 WARNING database DDL Query made to DB:
ALTER TABLE `tabDelivery Trip` DROP INDEX `modified`
2025-12-01 05:36:07,881 WARNING database DDL Query made to DB:
ALTER TABLE `tabOpportunity Type`
				ADD INDEX IF NOT EXISTS `creation`(creation)
2025-12-01 05:36:07,903 WARNING database DDL Query made to DB:
ALTER TABLE `tabOpportunity Type` DROP INDEX `modified`
2025-12-01 05:36:07,936 WARNING database DDL Query made to DB:
ALTER TABLE `tabIssue Type`
				ADD INDEX IF NOT EXISTS `creation`(creation)
2025-12-01 05:36:07,958 WARNING database DDL Query made to DB:
ALTER TABLE `tabIssue Type` DROP INDEX `modified`
2025-12-01 05:36:07,994 WARNING database DDL Query made to DB:
ALTER TABLE `tabActivity Log`
				ADD INDEX IF NOT EXISTS `creation`(creation)
2025-12-01 05:36:08,018 WARNING database DDL Query made to DB:
ALTER TABLE `tabActivity Log` DROP INDEX `modified`
2025-12-01 05:36:08,050 WARNING database DDL Query made to DB:
ALTER TABLE `tabWebhook`
				ADD INDEX IF NOT EXISTS `creation`(creation)
2025-12-01 05:36:08,073 WARNING database DDL Query made to DB:
ALTER TABLE `tabWebhook` DROP INDEX `modified`
2025-12-01 05:36:08,108 WARNING database DDL Query made to DB:
ALTER TABLE `tabRole Profile`
				ADD INDEX IF NOT EXISTS `creation`(creation)
2025-12-01 05:36:08,133 WARNING database DDL Query made to DB:
ALTER TABLE `tabRole Profile` DROP INDEX `modified`
2025-12-01 05:36:08,163 WARNING database DDL Query made to DB:
ALTER TABLE `tabPrint Style`
				ADD INDEX IF NOT EXISTS `creation`(creation)
2025-12-01 05:36:08,187 WARNING database DDL Query made to DB:
ALTER TABLE `tabPrint Style` DROP INDEX `modified`
2025-12-01 05:36:08,221 WARNING database DDL Query made to DB:
ALTER TABLE `tabPayment Terms Template`
				ADD INDEX IF NOT EXISTS `creation`(creation)
2025-12-01 05:36:08,243 WARNING database DDL Query made to DB:
ALTER TABLE `tabPayment Terms Template` DROP INDEX `modified`
2025-12-01 05:36:08,273 WARNING database DDL Query made to DB:
ALTER TABLE `tabPayment Term`
				ADD INDEX IF NOT EXISTS `creation`(creation)
2025-12-01 05:36:08,294 WARNING database DDL Query made to DB:
ALTER TABLE `tabPayment Term` DROP INDEX `modified`
2025-12-01 05:36:08,323 WARNING database DDL Query made to DB:
ALTER TABLE `tabSubscription`
				ADD INDEX IF NOT EXISTS `creation`(creation)
2025-12-01 05:36:08,344 WARNING database DDL Query made to DB:
ALTER TABLE `tabSubscription` DROP INDEX `modified`
2025-12-01 05:36:08,375 WARNING database DDL Query made to DB:
ALTER TABLE `tabProject Type`
				ADD INDEX IF NOT EXISTS `creation`(creation)
2025-12-01 05:36:08,397 WARNING database DDL Query made to DB:
ALTER TABLE `tabProject Type` DROP INDEX `modified`
2025-12-01 05:36:08,429 WARNING database DDL Query made to DB:
ALTER TABLE `tabUser Permission`
				ADD INDEX IF NOT EXISTS `creation`(creation)
2025-12-01 05:36:08,451 WARNING database DDL Query made to DB:
ALTER TABLE `tabUser Permission` DROP INDEX `modified`
2025-12-01 05:36:08,482 WARNING database DDL Query made to DB:
ALTER TABLE `tabSupplier Scorecard Period`
				ADD INDEX IF NOT EXISTS `creation`(creation)
2025-12-01 05:36:08,504 WARNING database DDL Query made to DB:
ALTER TABLE `tabSupplier Scorecard Period` DROP INDEX `modified`
2025-12-01 05:36:08,536 WARNING database DDL Query made to DB:
ALTER TABLE `tabBank Account`
				ADD INDEX IF NOT EXISTS `creation`(creation)
2025-12-01 05:36:08,560 WARNING database DDL Query made to DB:
ALTER TABLE `tabBank Account` DROP INDEX `modified`
2025-12-01 05:36:08,590 WARNING database DDL Query made to DB:
ALTER TABLE `tabSupplier Scorecard`
				ADD INDEX IF NOT EXISTS `creation`(creation)
2025-12-01 05:36:08,613 WARNING database DDL Query made to DB:
ALTER TABLE `tabSupplier Scorecard` DROP INDEX `modified`
2025-12-01 05:36:08,642 WARNING database DDL Query made to DB:
ALTER TABLE `tabSupplier Scorecard Standing`
				ADD INDEX IF NOT EXISTS `creation`(creation)
2025-12-01 05:36:08,670 WARNING database DDL Query made to DB:
ALTER TABLE `tabSupplier Scorecard Standing` DROP INDEX `modified`
2025-12-01 05:36:08,710 WARNING database DDL Query made to DB:
ALTER TABLE `tabSupplier Scorecard Criteria`
				ADD INDEX IF NOT EXISTS `creation`(creation)
2025-12-01 05:36:08,733 WARNING database DDL Query made to DB:
ALTER TABLE `tabSupplier Scorecard Criteria` DROP INDEX `modified`
2025-12-01 05:36:08,765 WARNING database DDL Query made to DB:
ALTER TABLE `tabSupplier Scorecard Variable`
				ADD INDEX IF NOT EXISTS `creation`(creation)
2025-12-01 05:36:08,789 WARNING database DDL Query made to DB:
ALTER TABLE `tabSupplier Scorecard Variable` DROP INDEX `modified`
2025-12-01 05:36:08,823 WARNING database DDL Query made to DB:
ALTER TABLE `tabDomain`
				ADD INDEX IF NOT EXISTS `creation`(creation)
2025-12-01 05:36:08,847 WARNING database DDL Query made to DB:
ALTER TABLE `tabDomain` DROP INDEX `modified`
2025-12-01 05:36:08,882 WARNING database DDL Query made to DB:
ALTER TABLE `tabSalutation`
				ADD INDEX IF NOT EXISTS `creation`(creation)
2025-12-01 05:36:08,904 WARNING database DDL Query made to DB:
ALTER TABLE `tabSalutation` DROP INDEX `modified`
2025-12-01 05:36:08,939 WARNING database DDL Query made to DB:
ALTER TABLE `tabGender`
				ADD INDEX IF NOT EXISTS `creation`(creation)
2025-12-01 05:36:08,962 WARNING database DDL Query made to DB:
ALTER TABLE `tabGender` DROP INDEX `modified`
2025-12-01 05:36:09,046 WARNING database DDL Query made to DB:
ALTER TABLE `tabCustoms Tariff Number`
				ADD INDEX IF NOT EXISTS `creation`(creation)
2025-12-01 05:36:09,066 WARNING database DDL Query made to DB:
ALTER TABLE `tabCustoms Tariff Number` DROP INDEX `modified`
2025-12-01 05:36:09,095 WARNING database DDL Query made to DB:
ALTER TABLE `tabEmail Rule`
				ADD INDEX IF NOT EXISTS `creation`(creation)
2025-12-01 05:36:09,118 WARNING database DDL Query made to DB:
ALTER TABLE `tabEmail Rule` DROP INDEX `modified`
2025-12-01 05:36:09,148 WARNING database DDL Query made to DB:
ALTER TABLE `tabCustom Role`
				ADD INDEX IF NOT EXISTS `creation`(creation)
2025-12-01 05:36:09,171 WARNING database DDL Query made to DB:
ALTER TABLE `tabCustom Role` DROP INDEX `modified`
2025-12-01 05:36:09,198 WARNING database DDL Query made to DB:
ALTER TABLE `tabCustom DocPerm`
				ADD INDEX IF NOT EXISTS `creation`(creation)
2025-12-01 05:36:09,220 WARNING database DDL Query made to DB:
ALTER TABLE `tabCustom DocPerm` DROP INDEX `modified`
2025-12-01 05:36:09,246 WARNING database DDL Query made to DB:
ALTER TABLE `tabDeleted Document`
				ADD INDEX IF NOT EXISTS `creation`(creation)
2025-12-01 05:36:09,267 WARNING database DDL Query made to DB:
ALTER TABLE `tabDeleted Document` DROP INDEX `modified`
2025-12-01 05:36:09,298 WARNING database DDL Query made to DB:
ALTER TABLE `tabWebsite Sidebar`
				ADD INDEX IF NOT EXISTS `creation`(creation)
2025-12-01 05:36:09,319 WARNING database DDL Query made to DB:
ALTER TABLE `tabWebsite Sidebar` DROP INDEX `modified`
2025-12-01 05:36:09,350 WARNING database DDL Query made to DB:
ALTER TABLE `tabParty Type`
				ADD INDEX IF NOT EXISTS `creation`(creation)
2025-12-01 05:36:09,372 WARNING database DDL Query made to DB:
ALTER TABLE `tabParty Type` DROP INDEX `modified`
2025-12-01 05:36:09,404 WARNING database DDL Query made to DB:
ALTER TABLE `tabBank Guarantee`
				ADD INDEX IF NOT EXISTS `creation`(creation)
2025-12-01 05:36:09,426 WARNING database DDL Query made to DB:
ALTER TABLE `tabBank Guarantee` DROP INDEX `modified`
2025-12-01 05:36:09,456 WARNING database DDL Query made to DB:
ALTER TABLE `tabKanban Board`
				ADD INDEX IF NOT EXISTS `creation`(creation)
2025-12-01 05:36:09,477 WARNING database DDL Query made to DB:
ALTER TABLE `tabKanban Board` DROP INDEX `modified`
2025-12-01 05:36:09,510 WARNING database DDL Query made to DB:
ALTER TABLE `tabLead Source`
				ADD INDEX IF NOT EXISTS `creation`(creation)
2025-12-01 05:36:09,540 WARNING database DDL Query made to DB:
ALTER TABLE `tabVehicle`
				ADD INDEX IF NOT EXISTS `creation`(creation)
2025-12-01 05:36:09,571 WARNING database DDL Query made to DB:
ALTER TABLE `tabAuto Email Report`
				ADD INDEX IF NOT EXISTS `creation`(creation)
2025-12-01 05:36:09,594 WARNING database DDL Query made to DB:
ALTER TABLE `tabAuto Email Report` DROP INDEX `modified`
2025-12-01 05:36:09,626 WARNING database DDL Query made to DB:
ALTER TABLE `tabOAuth Authorization Code`
				ADD INDEX IF NOT EXISTS `creation`(creation)
2025-12-01 05:36:09,650 WARNING database DDL Query made to DB:
ALTER TABLE `tabOAuth Authorization Code` DROP INDEX `modified`
2025-12-01 05:36:09,681 WARNING database DDL Query made to DB:
ALTER TABLE `tabOAuth Bearer Token`
				ADD INDEX IF NOT EXISTS `creation`(creation)
2025-12-01 05:36:09,705 WARNING database DDL Query made to DB:
ALTER TABLE `tabOAuth Bearer Token` DROP INDEX `modified`
2025-12-01 05:36:09,732 WARNING database DDL Query made to DB:
ALTER TABLE `tabOAuth Client`
				ADD INDEX IF NOT EXISTS `creation`(creation)
2025-12-01 05:36:09,755 WARNING database DDL Query made to DB:
ALTER TABLE `tabOAuth Client` DROP INDEX `modified`
2025-12-01 05:36:09,784 WARNING database DDL Query made to DB:
ALTER TABLE `tabPayment Entry`
				ADD INDEX IF NOT EXISTS `creation`(creation)
2025-12-01 05:36:09,808 WARNING database DDL Query made to DB:
ALTER TABLE `tabPayment Entry` DROP INDEX `modified`
2025-12-01 05:36:09,838 WARNING database DDL Query made to DB:
ALTER TABLE `tabTag`
				ADD INDEX IF NOT EXISTS `creation`(creation)
2025-12-01 05:36:09,861 WARNING database DDL Query made to DB:
ALTER TABLE `tabTag` DROP INDEX `modified`
2025-12-01 05:36:09,889 WARNING database DDL Query made to DB:
ALTER TABLE `tabBudget`
				ADD INDEX IF NOT EXISTS `creation`(creation)
2025-12-01 05:36:09,912 WARNING database DDL Query made to DB:
ALTER TABLE `tabBudget` DROP INDEX `modified`
2025-12-01 05:36:09,941 WARNING database DDL Query made to DB:
ALTER TABLE `tabCheque Print Template`
				ADD INDEX IF NOT EXISTS `creation`(creation)
2025-12-01 05:36:09,963 WARNING database DDL Query made to DB:
ALTER TABLE `tabCheque Print Template` DROP INDEX `modified`
2025-12-01 05:36:09,995 WARNING database DDL Query made to DB:
ALTER TABLE `tabAsset Movement`
				ADD INDEX IF NOT EXISTS `creation`(creation)
2025-12-01 05:36:10,024 WARNING database DDL Query made to DB:
ALTER TABLE `tabAsset Movement` DROP INDEX `modified`
2025-12-01 05:36:10,060 WARNING database DDL Query made to DB:
ALTER TABLE `tabEmail Flag Queue`
				ADD INDEX IF NOT EXISTS `creation`(creation)
2025-12-01 05:36:10,086 WARNING database DDL Query made to DB:
ALTER TABLE `tabEmail Flag Queue` DROP INDEX `modified`
2025-12-01 05:36:10,122 WARNING database DDL Query made to DB:
ALTER TABLE `tabUnhandled Email`
				ADD INDEX IF NOT EXISTS `creation`(creation)
2025-12-01 05:36:10,149 WARNING database DDL Query made to DB:
ALTER TABLE `tabUnhandled Email` DROP INDEX `modified`
2025-12-01 05:36:10,184 WARNING database DDL Query made to DB:
ALTER TABLE `tabEmail Domain`
				ADD INDEX IF NOT EXISTS `creation`(creation)
2025-12-01 05:36:10,210 WARNING database DDL Query made to DB:
ALTER TABLE `tabEmail Domain` DROP INDEX `modified`
2025-12-01 05:36:10,243 WARNING database DDL Query made to DB:
ALTER TABLE `tabAsset Category`
				ADD INDEX IF NOT EXISTS `creation`(creation)
2025-12-01 05:36:10,271 WARNING database DDL Query made to DB:
ALTER TABLE `tabAsset Category` DROP INDEX `modified`
2025-12-01 05:36:10,305 WARNING database DDL Query made to DB:
ALTER TABLE `tabRequest for Quotation`
				ADD INDEX IF NOT EXISTS `creation`(creation)
2025-12-01 05:36:10,331 WARNING database DDL Query made to DB:
ALTER TABLE `tabRequest for Quotation` DROP INDEX `modified`
2025-12-01 05:36:10,369 WARNING database DDL Query made to DB:
ALTER TABLE `tabDesktop Icon`
				ADD INDEX IF NOT EXISTS `creation`(creation)
2025-12-01 05:36:10,391 WARNING database DDL Query made to DB:
ALTER TABLE `tabDesktop Icon` DROP INDEX `modified`
2025-12-01 05:36:10,421 WARNING database DDL Query made to DB:
ALTER TABLE `tabTranslation`
				ADD INDEX IF NOT EXISTS `creation`(creation)
2025-12-01 05:36:10,442 WARNING database DDL Query made to DB:
ALTER TABLE `tabTranslation` DROP INDEX `modified`
2025-12-01 05:36:10,471 WARNING database DDL Query made to DB:
ALTER TABLE `tabManufacturer`
				ADD INDEX IF NOT EXISTS `creation`(creation)
2025-12-01 05:36:10,493 WARNING database DDL Query made to DB:
ALTER TABLE `tabManufacturer` DROP INDEX `modified`
2025-12-01 05:36:10,522 WARNING database DDL Query made to DB:
ALTER TABLE `tabPayment Gateway Account`
				ADD INDEX IF NOT EXISTS `creation`(creation)
2025-12-01 05:36:10,544 WARNING database DDL Query made to DB:
ALTER TABLE `tabPayment Gateway Account` DROP INDEX `modified`
2025-12-01 05:36:10,574 WARNING database DDL Query made to DB:
ALTER TABLE `tabPayment Request`
				ADD INDEX IF NOT EXISTS `creation`(creation)
2025-12-01 05:36:10,597 WARNING database DDL Query made to DB:
ALTER TABLE `tabPayment Request` DROP INDEX `modified`
2025-12-01 05:36:10,627 WARNING database DDL Query made to DB:
ALTER TABLE `tabTax Rule`
				ADD INDEX IF NOT EXISTS `creation`(creation)
2025-12-01 05:36:10,649 WARNING database DDL Query made to DB:
ALTER TABLE `tabTax Rule` DROP INDEX `modified`
2025-12-01 05:36:10,684 WARNING database DDL Query made to DB:
ALTER TABLE `tabActivity Cost`
				ADD INDEX IF NOT EXISTS `creation`(creation)
2025-12-01 05:36:10,706 WARNING database DDL Query made to DB:
ALTER TABLE `tabActivity Cost` DROP INDEX `modified`
2025-12-01 05:36:10,735 WARNING database DDL Query made to DB:
ALTER TABLE `tabEmail Unsubscribe`
				ADD INDEX IF NOT EXISTS `creation`(creation)
2025-12-01 05:36:10,757 WARNING database DDL Query made to DB:
ALTER TABLE `tabEmail Unsubscribe` DROP INDEX `modified`
2025-12-01 05:36:10,786 WARNING database DDL Query made to DB:
ALTER TABLE `tabEmail Group Member`
				ADD INDEX IF NOT EXISTS `creation`(creation)
2025-12-01 05:36:10,808 WARNING database DDL Query made to DB:
ALTER TABLE `tabEmail Group Member` DROP INDEX `modified`
2025-12-01 05:36:10,838 WARNING database DDL Query made to DB:
ALTER TABLE `tabEmail Group`
				ADD INDEX IF NOT EXISTS `creation`(creation)
2025-12-01 05:36:10,861 WARNING database DDL Query made to DB:
ALTER TABLE `tabEmail Group` DROP INDEX `modified`
2025-12-01 05:36:10,888 WARNING database DDL Query made to DB:
ALTER TABLE `tabWebsite Theme`
				ADD INDEX IF NOT EXISTS `creation`(creation)
2025-12-01 05:36:10,910 WARNING database DDL Query made to DB:
ALTER TABLE `tabWebsite Theme` DROP INDEX `modified`
2025-12-01 05:36:10,939 WARNING database DDL Query made to DB:
ALTER TABLE `tabDocShare`
				ADD INDEX IF NOT EXISTS `creation`(creation)
2025-12-01 05:36:10,964 WARNING database DDL Query made to DB:
ALTER TABLE `tabDocShare` DROP INDEX `modified`
2025-12-01 05:36:10,993 WARNING database DDL Query made to DB:
ALTER TABLE `tabOperation`
				ADD INDEX IF NOT EXISTS `creation`(creation)
2025-12-01 05:36:11,015 WARNING database DDL Query made to DB:
ALTER TABLE `tabOperation` DROP INDEX `modified`
2025-12-01 05:36:11,048 WARNING database DDL Query made to DB:
ALTER TABLE `tabHelp Article`
				ADD INDEX IF NOT EXISTS `creation`(creation)
2025-12-01 05:36:11,070 WARNING database DDL Query made to DB:
ALTER TABLE `tabHelp Article` DROP INDEX `modified`
2025-12-01 05:36:11,100 WARNING database DDL Query made to DB:
ALTER TABLE `tabHelp Category`
				ADD INDEX IF NOT EXISTS `creation`(creation)
2025-12-01 05:36:11,122 WARNING database DDL Query made to DB:
ALTER TABLE `tabHelp Category` DROP INDEX `modified`
2025-12-01 05:36:11,150 WARNING database DDL Query made to DB:
ALTER TABLE `tabItem Attribute`
				ADD INDEX IF NOT EXISTS `creation`(creation)
2025-12-01 05:36:11,173 WARNING database DDL Query made to DB:
ALTER TABLE `tabItem Attribute` DROP INDEX `modified`
2025-12-01 05:36:11,200 WARNING database DDL Query made to DB:
ALTER TABLE `tabWeb Form`
				ADD INDEX IF NOT EXISTS `creation`(creation)
2025-12-01 05:36:11,224 WARNING database DDL Query made to DB:
ALTER TABLE `tabWeb Form` DROP INDEX `modified`
2025-12-01 05:36:11,251 WARNING database DDL Query made to DB:
ALTER TABLE `tabLanguage`
				ADD INDEX IF NOT EXISTS `creation`(creation)
2025-12-01 05:36:11,274 WARNING database DDL Query made to DB:
ALTER TABLE `tabLanguage` DROP INDEX `modified`
2025-12-01 05:36:11,302 WARNING database DDL Query made to DB:
ALTER TABLE `tabNotification`
				ADD INDEX IF NOT EXISTS `creation`(creation)
2025-12-01 05:36:11,325 WARNING database DDL Query made to DB:
ALTER TABLE `tabNotification` DROP INDEX `modified`
2025-12-01 05:36:11,351 WARNING database DDL Query made to DB:
ALTER TABLE `tabLanded Cost Voucher`
				ADD INDEX IF NOT EXISTS `creation`(creation)
2025-12-01 05:36:11,373 WARNING database DDL Query made to DB:
ALTER TABLE `tabLanded Cost Voucher` DROP INDEX `modified`
2025-12-01 05:36:11,403 WARNING database DDL Query made to DB:
ALTER TABLE `tabEmail Template`
				ADD INDEX IF NOT EXISTS `creation`(creation)
2025-12-01 05:36:11,426 WARNING database DDL Query made to DB:
ALTER TABLE `tabEmail Template` DROP INDEX `modified`
2025-12-01 05:36:11,454 WARNING database DDL Query made to DB:
ALTER TABLE `tabAddress Template`
				ADD INDEX IF NOT EXISTS `creation`(creation)
2025-12-01 05:36:11,477 WARNING database DDL Query made to DB:
ALTER TABLE `tabAddress Template` DROP INDEX `modified`
2025-12-01 05:36:11,506 WARNING database DDL Query made to DB:
ALTER TABLE `tabPricing Rule`
				ADD INDEX IF NOT EXISTS `creation`(creation)
2025-12-01 05:36:11,531 WARNING database DDL Query made to DB:
ALTER TABLE `tabPricing Rule` DROP INDEX `modified`
2025-12-01 05:36:11,568 WARNING database DDL Query made to DB:
ALTER TABLE `tabVersion`
				ADD INDEX IF NOT EXISTS `creation`(creation)
2025-12-01 05:36:11,591 WARNING database DDL Query made to DB:
ALTER TABLE `tabVersion` DROP INDEX `modified`
2025-12-01 05:36:11,620 WARNING database DDL Query made to DB:
ALTER TABLE `tabShipping Rule`
				ADD INDEX IF NOT EXISTS `creation`(creation)
2025-12-01 05:36:11,645 WARNING database DDL Query made to DB:
ALTER TABLE `tabShipping Rule` DROP INDEX `modified`
2025-12-01 05:36:11,675 WARNING database DDL Query made to DB:
ALTER TABLE `tabCurrency Exchange`
				ADD INDEX IF NOT EXISTS `creation`(creation)
2025-12-01 05:36:11,699 WARNING database DDL Query made to DB:
ALTER TABLE `tabCurrency Exchange` DROP INDEX `modified`
2025-12-01 05:36:11,727 WARNING database DDL Query made to DB:
ALTER TABLE `tabProduct Bundle`
				ADD INDEX IF NOT EXISTS `creation`(creation)
2025-12-01 05:36:11,749 WARNING database DDL Query made to DB:
ALTER TABLE `tabProduct Bundle` DROP INDEX `modified`
2025-12-01 05:36:11,776 WARNING database DDL Query made to DB:
ALTER TABLE `tabSales Order`
				ADD INDEX IF NOT EXISTS `creation`(creation)
2025-12-01 05:36:11,801 WARNING database DDL Query made to DB:
ALTER TABLE `tabSales Order` DROP INDEX `modified`
2025-12-01 05:36:11,828 WARNING database DDL Query made to DB:
ALTER TABLE `tabCustomer`
				ADD INDEX IF NOT EXISTS `creation`(creation)
2025-12-01 05:36:11,852 WARNING database DDL Query made to DB:
ALTER TABLE `tabCustomer` DROP INDEX `modified`
2025-12-01 05:36:11,882 WARNING database DDL Query made to DB:
ALTER TABLE `tabEvent`
				ADD INDEX IF NOT EXISTS `creation`(creation)
2025-12-01 05:36:11,908 WARNING database DDL Query made to DB:
ALTER TABLE `tabEvent` DROP INDEX `modified`
2025-12-01 05:36:11,939 WARNING database DDL Query made to DB:
ALTER TABLE `tabDelivery Note`
				ADD INDEX IF NOT EXISTS `creation`(creation)
2025-12-01 05:36:11,963 WARNING database DDL Query made to DB:
ALTER TABLE `tabDelivery Note` DROP INDEX `modified`
2025-12-01 05:36:11,994 WARNING database DDL Query made to DB:
ALTER TABLE `tabQuotation`
				ADD INDEX IF NOT EXISTS `creation`(creation)
2025-12-01 05:36:12,017 WARNING database DDL Query made to DB:
ALTER TABLE `tabQuotation` DROP INDEX `modified`
2025-12-01 05:36:12,049 WARNING database DDL Query made to DB:
ALTER TABLE `tabNote`
				ADD INDEX IF NOT EXISTS `creation`(creation)
2025-12-01 05:36:12,071 WARNING database DDL Query made to DB:
ALTER TABLE `tabNote` DROP INDEX `modified`
2025-12-01 05:36:12,102 WARNING database DDL Query made to DB:
ALTER TABLE `tabPOS Profile`
				ADD INDEX IF NOT EXISTS `creation`(creation)
2025-12-01 05:36:12,125 WARNING database DDL Query made to DB:
ALTER TABLE `tabPOS Profile` DROP INDEX `modified`
2025-12-01 05:36:12,153 WARNING database DDL Query made to DB:
ALTER TABLE `tabSupplier Quotation`
				ADD INDEX IF NOT EXISTS `creation`(creation)
2025-12-01 05:36:12,177 WARNING database DDL Query made to DB:
ALTER TABLE `tabSupplier Quotation` DROP INDEX `modified`
2025-12-01 05:36:12,209 WARNING database DDL Query made to DB:
ALTER TABLE `tabPurchase Order`
				ADD INDEX IF NOT EXISTS `creation`(creation)
2025-12-01 05:36:12,234 WARNING database DDL Query made to DB:
ALTER TABLE `tabPurchase Order` DROP INDEX `modified`
2025-12-01 05:36:12,262 WARNING database DDL Query made to DB:
ALTER TABLE `tabPurchase Invoice`
				ADD INDEX IF NOT EXISTS `creation`(creation)
2025-12-01 05:36:12,287 WARNING database DDL Query made to DB:
ALTER TABLE `tabPurchase Invoice` DROP INDEX `modified`
2025-12-01 05:36:12,322 WARNING database DDL Query made to DB:
ALTER TABLE `tabPurchase Receipt`
				ADD INDEX IF NOT EXISTS `creation`(creation)
2025-12-01 05:36:12,349 WARNING database DDL Query made to DB:
ALTER TABLE `tabPurchase Receipt` DROP INDEX `modified`
2025-12-01 05:36:12,381 WARNING database DDL Query made to DB:
ALTER TABLE `tabSerial No`
				ADD INDEX IF NOT EXISTS `creation`(creation)
2025-12-01 05:36:12,403 WARNING database DDL Query made to DB:
ALTER TABLE `tabSerial No` DROP INDEX `modified`
2025-12-01 05:36:12,429 WARNING database DDL Query made to DB:
ALTER TABLE `tabItem`
				ADD INDEX IF NOT EXISTS `creation`(creation)
2025-12-01 05:36:12,453 WARNING database DDL Query made to DB:
ALTER TABLE `tabItem` DROP INDEX `modified`
2025-12-01 05:36:12,483 WARNING database DDL Query made to DB:
ALTER TABLE `tabItem Price`
				ADD INDEX IF NOT EXISTS `creation`(creation)
2025-12-01 05:36:12,505 WARNING database DDL Query made to DB:
ALTER TABLE `tabItem Price` DROP INDEX `modified`
2025-12-01 05:36:12,535 WARNING database DDL Query made to DB:
ALTER TABLE `tabInstallation Note`
				ADD INDEX IF NOT EXISTS `creation`(creation)
2025-12-01 05:36:12,556 WARNING database DDL Query made to DB:
ALTER TABLE `tabInstallation Note` DROP INDEX `modified`
2025-12-01 05:36:12,587 WARNING database DDL Query made to DB:
ALTER TABLE `tabQuality Inspection`
				ADD INDEX IF NOT EXISTS `creation`(creation)
2025-12-01 05:36:12,610 WARNING database DDL Query made to DB:
ALTER TABLE `tabQuality Inspection` DROP INDEX `modified`
2025-12-01 05:36:12,640 WARNING database DDL Query made to DB:
ALTER TABLE `tabSales Partner`
				ADD INDEX IF NOT EXISTS `creation`(creation)
2025-12-01 05:36:12,663 WARNING database DDL Query made to DB:
ALTER TABLE `tabSales Partner` DROP INDEX `modified`
2025-12-01 05:36:12,692 WARNING database DDL Query made to DB:
ALTER TABLE `tabPacking Slip`
				ADD INDEX IF NOT EXISTS `creation`(creation)
2025-12-01 05:36:12,714 WARNING database DDL Query made to DB:
ALTER TABLE `tabPacking Slip` DROP INDEX `modified`
2025-12-01 05:36:12,751 WARNING database DDL Query made to DB:
ALTER TABLE `tabStock Entry`
				ADD INDEX IF NOT EXISTS `creation`(creation)
2025-12-01 05:36:12,779 WARNING database DDL Query made to DB:
ALTER TABLE `tabStock Entry` DROP INDEX `modified`
2025-12-01 05:36:12,812 WARNING database DDL Query made to DB:
ALTER TABLE `tabStock Reconciliation`
				ADD INDEX IF NOT EXISTS `creation`(creation)
2025-12-01 05:36:12,836 WARNING database DDL Query made to DB:
ALTER TABLE `tabStock Reconciliation` DROP INDEX `modified`
2025-12-01 05:36:12,870 WARNING database DDL Query made to DB:
ALTER TABLE `tabWeb Page`
				ADD INDEX IF NOT EXISTS `creation`(creation)
2025-12-01 05:36:12,947 WARNING database DDL Query made to DB:
ALTER TABLE `tabWeb Page` DROP INDEX `modified`
2025-12-01 05:36:12,979 WARNING database DDL Query made to DB:
ALTER TABLE `tabBlog Post`
				ADD INDEX IF NOT EXISTS `creation`(creation)
2025-12-01 05:36:13,008 WARNING database DDL Query made to DB:
ALTER TABLE `tabItem Group`
				ADD INDEX IF NOT EXISTS `creation`(creation)
2025-12-01 05:36:13,032 WARNING database DDL Query made to DB:
ALTER TABLE `tabItem Group` DROP INDEX `modified`
2025-12-01 05:36:13,064 WARNING database DDL Query made to DB:
ALTER TABLE `tabBlogger`
				ADD INDEX IF NOT EXISTS `creation`(creation)
2025-12-01 05:36:13,093 WARNING database DDL Query made to DB:
ALTER TABLE `tabReport`
				ADD INDEX IF NOT EXISTS `creation`(creation)
2025-12-01 05:36:13,117 WARNING database DDL Query made to DB:
ALTER TABLE `tabReport` DROP INDEX `modified`
2025-12-01 05:36:13,149 WARNING database DDL Query made to DB:
ALTER TABLE `tabBlog Category`
				ADD INDEX IF NOT EXISTS `creation`(creation)
2025-12-01 05:36:13,180 WARNING database DDL Query made to DB:
ALTER TABLE `tabOpportunity`
				ADD INDEX IF NOT EXISTS `creation`(creation)
2025-12-01 05:36:13,203 WARNING database DDL Query made to DB:
ALTER TABLE `tabOpportunity` DROP INDEX `modified`
2025-12-01 05:36:13,234 WARNING database DDL Query made to DB:
ALTER TABLE `tabWebsite Slideshow`
				ADD INDEX IF NOT EXISTS `creation`(creation)
2025-12-01 05:36:13,257 WARNING database DDL Query made to DB:
ALTER TABLE `tabWebsite Slideshow` DROP INDEX `modified`
2025-12-01 05:36:13,289 WARNING database DDL Query made to DB:
ALTER TABLE `tabMaterial Request`
				ADD INDEX IF NOT EXISTS `creation`(creation)
2025-12-01 05:36:13,312 WARNING database DDL Query made to DB:
ALTER TABLE `tabMaterial Request` DROP INDEX `modified`
2025-12-01 05:36:13,341 WARNING database DDL Query made to DB:
ALTER TABLE `tabProject`
				ADD INDEX IF NOT EXISTS `creation`(creation)
2025-12-01 05:36:13,365 WARNING database DDL Query made to DB:
ALTER TABLE `tabProject` DROP INDEX `modified`
2025-12-01 05:36:13,394 WARNING database DDL Query made to DB:
ALTER TABLE `tabBatch`
				ADD INDEX IF NOT EXISTS `creation`(creation)
2025-12-01 05:36:13,416 WARNING database DDL Query made to DB:
ALTER TABLE `tabBatch` DROP INDEX `modified`
2025-12-01 05:36:13,446 WARNING database DDL Query made to DB:
ALTER TABLE `tabActivity Type`
				ADD INDEX IF NOT EXISTS `creation`(creation)
2025-12-01 05:36:13,466 WARNING database DDL Query made to DB:
ALTER TABLE `tabActivity Type` DROP INDEX `modified`
2025-12-01 05:36:13,496 WARNING database DDL Query made to DB:
ALTER TABLE `tabTimesheet`
				ADD INDEX IF NOT EXISTS `creation`(creation)
2025-12-01 05:36:13,519 WARNING database DDL Query made to DB:
ALTER TABLE `tabTimesheet` DROP INDEX `modified`
2025-12-01 05:36:13,549 WARNING database DDL Query made to DB:
ALTER TABLE `tabBrand`
				ADD INDEX IF NOT EXISTS `creation`(creation)
2025-12-01 05:36:13,570 WARNING database DDL Query made to DB:
ALTER TABLE `tabBrand` DROP INDEX `modified`
2025-12-01 05:36:13,605 WARNING database DDL Query made to DB:
ALTER TABLE `tabDocType`
				ADD INDEX IF NOT EXISTS `creation`(creation)
2025-12-01 05:36:13,638 WARNING database DDL Query made to DB:
ALTER TABLE `tabDepartment`
				ADD INDEX IF NOT EXISTS `creation`(creation)
2025-12-01 05:36:13,662 WARNING database DDL Query made to DB:
ALTER TABLE `tabDepartment` DROP INDEX `modified`
2025-12-01 05:36:13,690 WARNING database DDL Query made to DB:
ALTER TABLE `tabIssue`
				ADD INDEX IF NOT EXISTS `creation`(creation)
2025-12-01 05:36:13,714 WARNING database DDL Query made to DB:
ALTER TABLE `tabIssue` DROP INDEX `modified`
2025-12-01 05:36:13,745 WARNING database DDL Query made to DB:
ALTER TABLE `tabAccount`
				ADD INDEX IF NOT EXISTS `creation`(creation)
2025-12-01 05:36:13,770 WARNING database DDL Query made to DB:
ALTER TABLE `tabAccount` DROP INDEX `modified`
2025-12-01 05:36:13,807 WARNING database DDL Query made to DB:
ALTER TABLE `tabTask`
				ADD INDEX IF NOT EXISTS `creation`(creation)
2025-12-01 05:36:13,837 WARNING database DDL Query made to DB:
ALTER TABLE `tabTask` DROP INDEX `modified`
2025-12-01 05:36:13,867 WARNING database DDL Query made to DB:
ALTER TABLE `tabStock Ledger Entry`
				ADD INDEX IF NOT EXISTS `creation`(creation)
2025-12-01 05:36:13,893 WARNING database DDL Query made to DB:
ALTER TABLE `tabStock Ledger Entry` DROP INDEX `modified`
2025-12-01 05:36:13,929 WARNING database DDL Query made to DB:
ALTER TABLE `tabCommunication`
				ADD INDEX IF NOT EXISTS `creation`(creation)
2025-12-01 05:36:13,962 WARNING database DDL Query made to DB:
ALTER TABLE `tabCommunication` DROP INDEX `modified`
2025-12-01 05:36:13,996 WARNING database DDL Query made to DB:
ALTER TABLE `tabCurrency`
				ADD INDEX IF NOT EXISTS `creation`(creation)
2025-12-01 05:36:14,027 WARNING database DDL Query made to DB:
ALTER TABLE `tabCurrency` DROP INDEX `modified`
2025-12-01 05:36:14,066 WARNING database DDL Query made to DB:
ALTER TABLE `tabPrice List`
				ADD INDEX IF NOT EXISTS `creation`(creation)
2025-12-01 05:36:14,094 WARNING database DDL Query made to DB:
ALTER TABLE `tabPrice List` DROP INDEX `modified`
2025-12-01 05:36:14,128 WARNING database DDL Query made to DB:
ALTER TABLE `tabCost Center`
				ADD INDEX IF NOT EXISTS `creation`(creation)
2025-12-01 05:36:14,156 WARNING database DDL Query made to DB:
ALTER TABLE `tabCost Center` DROP INDEX `modified`
2025-12-01 05:36:14,204 WARNING database DDL Query made to DB:
ALTER TABLE `tabPrint Format`
				ADD INDEX IF NOT EXISTS `creation`(creation)
2025-12-01 05:36:14,232 WARNING database DDL Query made to DB:
ALTER TABLE `tabPrint Format` DROP INDEX `modified`
2025-12-01 05:36:14,316 WARNING database DDL Query made to DB:
ALTER TABLE `tabFiscal Year`
				ADD INDEX IF NOT EXISTS `creation`(creation)
2025-12-01 05:36:14,387 WARNING database DDL Query made to DB:
ALTER TABLE `tabFiscal Year` DROP INDEX `modified`
2025-12-01 05:36:14,431 WARNING database DDL Query made to DB:
ALTER TABLE `tabBOM`
				ADD INDEX IF NOT EXISTS `creation`(creation)
2025-12-01 05:36:14,462 WARNING database DDL Query made to DB:
ALTER TABLE `tabBOM` DROP INDEX `modified`
2025-12-01 05:36:14,510 WARNING database DDL Query made to DB:
ALTER TABLE `tabCountry`
				ADD INDEX IF NOT EXISTS `creation`(creation)
2025-12-01 05:36:14,550 WARNING database DDL Query made to DB:
ALTER TABLE `tabCountry` DROP INDEX `modified`
2025-12-01 05:36:14,611 WARNING database DDL Query made to DB:
ALTER TABLE `tabPatch Log`
				ADD INDEX IF NOT EXISTS `creation`(creation)
2025-12-01 05:36:14,646 WARNING database DDL Query made to DB:
ALTER TABLE `tabPatch Log` DROP INDEX `modified`
2025-12-01 05:36:14,680 WARNING database DDL Query made to DB:
ALTER TABLE `tabError Log`
				ADD INDEX IF NOT EXISTS `creation`(creation)
2025-12-01 05:36:14,718 WARNING database DDL Query made to DB:
ALTER TABLE `tabError Log` DROP INDEX `modified`
2025-12-01 05:36:14,788 WARNING database DDL Query made to DB:
ALTER TABLE `tabAddress`
				ADD INDEX IF NOT EXISTS `creation`(creation)
2025-12-01 05:36:14,830 WARNING database DDL Query made to DB:
ALTER TABLE `tabAddress` DROP INDEX `modified`
2025-12-01 05:36:14,884 WARNING database DDL Query made to DB:
ALTER TABLE `tabContact`
				ADD INDEX IF NOT EXISTS `creation`(creation)
2025-12-01 05:36:14,920 WARNING database DDL Query made to DB:
ALTER TABLE `tabContact` DROP INDEX `modified`
2025-12-01 05:36:14,963 WARNING database DDL Query made to DB:
ALTER TABLE `tabNewsletter`
				ADD INDEX IF NOT EXISTS `creation`(creation)
2025-12-01 05:36:15,045 WARNING database DDL Query made to DB:
ALTER TABLE `tabMaintenance Visit`
				ADD INDEX IF NOT EXISTS `creation`(creation)
2025-12-01 05:36:15,078 WARNING database DDL Query made to DB:
ALTER TABLE `tabMaintenance Visit` DROP INDEX `modified`
2025-12-01 05:36:15,120 WARNING database DDL Query made to DB:
ALTER TABLE `tabWarranty Claim`
				ADD INDEX IF NOT EXISTS `creation`(creation)
2025-12-01 05:36:15,151 WARNING database DDL Query made to DB:
ALTER TABLE `tabWarranty Claim` DROP INDEX `modified`
2025-12-01 05:36:15,213 WARNING database DDL Query made to DB:
ALTER TABLE `tabMaintenance Schedule`
				ADD INDEX IF NOT EXISTS `creation`(creation)
2025-12-01 05:36:15,252 WARNING database DDL Query made to DB:
ALTER TABLE `tabMaintenance Schedule` DROP INDEX `modified`
2025-12-01 05:36:15,319 WARNING database DDL Query made to DB:
ALTER TABLE `tabBin`
				ADD INDEX IF NOT EXISTS `creation`(creation)
2025-12-01 05:36:15,354 WARNING database DDL Query made to DB:
ALTER TABLE `tabBin` DROP INDEX `modified`
2025-12-01 05:36:15,420 WARNING database DDL Query made to DB:
ALTER TABLE `tabUOM`
				ADD INDEX IF NOT EXISTS `creation`(creation)
2025-12-01 05:36:15,468 WARNING database DDL Query made to DB:
ALTER TABLE `tabUOM` DROP INDEX `modified`
2025-12-01 05:36:15,693 WARNING database DDL Query made to DB:
ALTER TABLE `tabTerritory`
				ADD INDEX IF NOT EXISTS `creation`(creation)
2025-12-01 05:36:15,742 WARNING database DDL Query made to DB:
ALTER TABLE `tabTerritory` DROP INDEX `modified`
2025-12-01 05:36:15,785 WARNING database DDL Query made to DB:
ALTER TABLE `tabSales Person`
				ADD INDEX IF NOT EXISTS `creation`(creation)
2025-12-01 05:36:15,823 WARNING database DDL Query made to DB:
ALTER TABLE `tabSales Person` DROP INDEX `modified`
2025-12-01 05:36:15,891 WARNING database DDL Query made to DB:
ALTER TABLE `tabPrint Heading`
				ADD INDEX IF NOT EXISTS `creation`(creation)
2025-12-01 05:36:15,979 WARNING database DDL Query made to DB:
ALTER TABLE `tabPrint Heading` DROP INDEX `modified`
2025-12-01 05:36:16,020 WARNING database DDL Query made to DB:
ALTER TABLE `tabSupplier Group`
				ADD INDEX IF NOT EXISTS `creation`(creation)
2025-12-01 05:36:16,052 WARNING database DDL Query made to DB:
ALTER TABLE `tabSupplier Group` DROP INDEX `modified`
2025-12-01 05:36:16,090 WARNING database DDL Query made to DB:
ALTER TABLE `tabTerms and Conditions`
				ADD INDEX IF NOT EXISTS `creation`(creation)
2025-12-01 05:36:16,117 WARNING database DDL Query made to DB:
ALTER TABLE `tabTerms and Conditions` DROP INDEX `modified`
2025-12-01 05:36:16,155 WARNING database DDL Query made to DB:
ALTER TABLE `tabQuotation Lost Reason`
				ADD INDEX IF NOT EXISTS `creation`(creation)
2025-12-01 05:36:16,180 WARNING database DDL Query made to DB:
ALTER TABLE `tabQuotation Lost Reason` DROP INDEX `modified`
2025-12-01 05:36:16,214 WARNING database DDL Query made to DB:
ALTER TABLE `tabCustomer Group`
				ADD INDEX IF NOT EXISTS `creation`(creation)
2025-12-01 05:36:16,243 WARNING database DDL Query made to DB:
ALTER TABLE `tabCustomer Group` DROP INDEX `modified`
2025-12-01 05:36:16,278 WARNING database DDL Query made to DB:
ALTER TABLE `tabAuthorization Rule`
				ADD INDEX IF NOT EXISTS `creation`(creation)
2025-12-01 05:36:16,308 WARNING database DDL Query made to DB:
ALTER TABLE `tabAuthorization Rule` DROP INDEX `modified`
2025-12-01 05:36:16,346 WARNING database DDL Query made to DB:
ALTER TABLE `tabCampaign`
				ADD INDEX IF NOT EXISTS `creation`(creation)
2025-12-01 05:36:16,375 WARNING database DDL Query made to DB:
ALTER TABLE `tabCampaign` DROP INDEX `modified`
2025-12-01 05:36:16,408 WARNING database DDL Query made to DB:
ALTER TABLE `tabWorkstation`
				ADD INDEX IF NOT EXISTS `creation`(creation)
2025-12-01 05:36:16,434 WARNING database DDL Query made to DB:
ALTER TABLE `tabWorkstation` DROP INDEX `modified`
2025-12-01 05:36:16,471 WARNING database DDL Query made to DB:
ALTER TABLE `tabHoliday List`
				ADD INDEX IF NOT EXISTS `creation`(creation)
2025-12-01 05:36:16,503 WARNING database DDL Query made to DB:
ALTER TABLE `tabHoliday List` DROP INDEX `modified`
2025-12-01 05:36:16,544 WARNING database DDL Query made to DB:
ALTER TABLE `tabBranch`
				ADD INDEX IF NOT EXISTS `creation`(creation)
2025-12-01 05:36:16,581 WARNING database DDL Query made to DB:
ALTER TABLE `tabBranch` DROP INDEX `modified`
2025-12-01 05:36:16,645 WARNING database DDL Query made to DB:
ALTER TABLE `tabDesignation`
				ADD INDEX IF NOT EXISTS `creation`(creation)
2025-12-01 05:36:16,677 WARNING database DDL Query made to DB:
ALTER TABLE `tabDesignation` DROP INDEX `modified`
2025-12-01 05:36:16,716 WARNING database DDL Query made to DB:
ALTER TABLE `tabSupplier`
				ADD INDEX IF NOT EXISTS `creation`(creation)
2025-12-01 05:36:16,740 WARNING database DDL Query made to DB:
ALTER TABLE `tabSupplier` DROP INDEX `modified`
2025-12-01 05:36:16,774 WARNING database DDL Query made to DB:
ALTER TABLE `tabSales Taxes and Charges Template`
				ADD INDEX IF NOT EXISTS `creation`(creation)
2025-12-01 05:36:16,802 WARNING database DDL Query made to DB:
ALTER TABLE `tabSales Taxes and Charges Template` DROP INDEX `modified`
2025-12-01 05:36:16,843 WARNING database DDL Query made to DB:
ALTER TABLE `tabPurchase Taxes and Charges Template`
				ADD INDEX IF NOT EXISTS `creation`(creation)
2025-12-01 05:36:16,898 WARNING database DDL Query made to DB:
ALTER TABLE `tabPurchase Taxes and Charges Template` DROP INDEX `modified`
2025-12-01 05:36:16,937 WARNING database DDL Query made to DB:
ALTER TABLE `tabPeriod Closing Voucher`
				ADD INDEX IF NOT EXISTS `creation`(creation)
2025-12-01 05:36:16,962 WARNING database DDL Query made to DB:
ALTER TABLE `tabPeriod Closing Voucher` DROP INDEX `modified`
2025-12-01 05:36:16,995 WARNING database DDL Query made to DB:
ALTER TABLE `tabGL Entry`
				ADD INDEX IF NOT EXISTS `creation`(creation)
2025-12-01 05:36:17,023 WARNING database DDL Query made to DB:
ALTER TABLE `tabGL Entry` DROP INDEX `modified`
2025-12-01 05:36:17,061 WARNING database DDL Query made to DB:
ALTER TABLE `tabMonthly Distribution`
				ADD INDEX IF NOT EXISTS `creation`(creation)
2025-12-01 05:36:17,089 WARNING database DDL Query made to DB:
ALTER TABLE `tabMonthly Distribution` DROP INDEX `modified`
2025-12-01 05:36:17,123 WARNING database DDL Query made to DB:
ALTER TABLE `tabProperty Setter`
				ADD INDEX IF NOT EXISTS `creation`(creation)
2025-12-01 05:36:17,151 WARNING database DDL Query made to DB:
ALTER TABLE `tabProperty Setter` DROP INDEX `modified`
2025-12-01 05:36:17,183 WARNING database DDL Query made to DB:
ALTER TABLE `tabModule Def`
				ADD INDEX IF NOT EXISTS `creation`(creation)
2025-12-01 05:36:17,209 WARNING database DDL Query made to DB:
ALTER TABLE `tabModule Def` DROP INDEX `modified`
2025-12-01 05:36:17,245 WARNING database DDL Query made to DB:
ALTER TABLE `tabClient Script`
				ADD INDEX IF NOT EXISTS `creation`(creation)
2025-12-01 05:36:17,271 WARNING database DDL Query made to DB:
ALTER TABLE `tabClient Script` DROP INDEX `modified`
2025-12-01 05:36:17,314 WARNING database DDL Query made to DB:
ALTER TABLE `tabRole`
				ADD INDEX IF NOT EXISTS `creation`(creation)
2025-12-01 05:36:17,343 WARNING database DDL Query made to DB:
ALTER TABLE `tabRole` DROP INDEX `modified`
2025-12-01 05:36:17,380 WARNING database DDL Query made to DB:
ALTER TABLE `tabWorkflow State`
				ADD INDEX IF NOT EXISTS `creation`(creation)
2025-12-01 05:36:17,403 WARNING database DDL Query made to DB:
ALTER TABLE `tabWorkflow State` DROP INDEX `modified`
2025-12-01 05:36:17,443 WARNING database DDL Query made to DB:
ALTER TABLE `tabWorkflow Action Master`
				ADD INDEX IF NOT EXISTS `creation`(creation)
2025-12-01 05:36:17,490 WARNING database DDL Query made to DB:
ALTER TABLE `tabWorkflow Action Master` DROP INDEX `modified`
2025-12-01 05:36:17,522 WARNING database DDL Query made to DB:
ALTER TABLE `tabWorkflow`
				ADD INDEX IF NOT EXISTS `creation`(creation)
2025-12-01 05:36:17,547 WARNING database DDL Query made to DB:
ALTER TABLE `tabWorkflow` DROP INDEX `modified`
2025-12-01 05:36:17,577 WARNING database DDL Query made to DB:
ALTER TABLE `tabPage`
				ADD INDEX IF NOT EXISTS `creation`(creation)
2025-12-01 05:36:17,606 WARNING database DDL Query made to DB:
ALTER TABLE `tabPage` DROP INDEX `modified`
2025-12-01 05:36:17,638 WARNING database DDL Query made to DB:
ALTER TABLE `tabFile`
				ADD INDEX IF NOT EXISTS `creation`(creation)
2025-12-01 05:36:17,682 WARNING database DDL Query made to DB:
ALTER TABLE `tabMode of Payment`
				ADD INDEX IF NOT EXISTS `creation`(creation)
2025-12-01 05:36:17,711 WARNING database DDL Query made to DB:
ALTER TABLE `tabMode of Payment` DROP INDEX `modified`
2025-12-01 05:36:17,745 WARNING database DDL Query made to DB:
ALTER TABLE `tabLetter Head`
				ADD INDEX IF NOT EXISTS `creation`(creation)
2025-12-01 05:36:17,769 WARNING database DDL Query made to DB:
ALTER TABLE `tabLetter Head` DROP INDEX `modified`
2025-12-01 05:36:17,800 WARNING database DDL Query made to DB:
ALTER TABLE `tabEmail Queue`
				ADD INDEX IF NOT EXISTS `creation`(creation)
2025-12-01 05:36:17,826 WARNING database DDL Query made to DB:
ALTER TABLE `tabEmail Queue` DROP INDEX `modified`
2025-12-01 05:36:17,064 WARNING database DDL Query made to DB:
ALTER TABLE `tabToDo`
				ADD INDEX IF NOT EXISTS `creation`(creation)
2025-12-01 05:36:17,086 WARNING database DDL Query made to DB:
ALTER TABLE `tabToDo` DROP INDEX `modified`
2025-12-01 05:36:17,127 WARNING database DDL Query made to DB:
ALTER TABLE `tabSMS Log`
				ADD INDEX IF NOT EXISTS `creation`(creation)
2025-12-01 05:36:17,186 WARNING database DDL Query made to DB:
ALTER TABLE `tabSMS Log` DROP INDEX `modified`
2025-12-01 05:36:17,239 WARNING database DDL Query made to DB:
ALTER TABLE `tabIndustry Type`
				ADD INDEX IF NOT EXISTS `creation`(creation)
2025-12-01 05:36:17,264 WARNING database DDL Query made to DB:
ALTER TABLE `tabIndustry Type` DROP INDEX `modified`
2025-12-01 05:36:19,303 WARNING database DDL Query made to DB:
ALTER TABLE `tabCommunication` DROP INDEX `reference_doctype_reference_name_index`
2025-12-01 05:36:20,209 WARNING database DDL Query made to DB:
ALTER TABLE `tabUTM Campaign` ADD COLUMN `crm_campaign` varchar(140)
2025-12-01 05:36:20,502 WARNING database DDL Query made to DB:
ALTER TABLE `tabStock Closing Balance` ADD COLUMN `account` varchar(140)
2025-12-01 05:36:20,530 WARNING database DDL Query made to DB:
ALTER TABLE `tabStock Closing Balance` ADD INDEX `account_index`(`account`)
2025-12-01 05:36:20,800 WARNING database DDL Query made to DB:
ALTER TABLE `tabStock Ledger Entry` DROP INDEX `batch_no_item_code_warehouse_index`
