2025-12-01 05:36:11,506 WARNING database DDL Query made to DB:
ALTER TABLE `tabPricing Rule`
				ADD INDEX IF NOT EXISTS `creation`(creation)
2025-12-01 05:36:11,531 WARNING database DDL Query made to DB:
ALTER TABLE `tabPricing Rule` DROP INDEX `modified`
2025-12-01 05:36:11,568 WARNING database DDL Query made to DB:
ALTER TABLE `tabVersion`
				ADD INDEX IF NOT EXISTS `creation`(creation)
2025-12-01 05:36:11,591 WARNING database DDL Query made to DB:
ALTER TABLE `tabVersion` DROP INDEX `modified`
2025-12-01 05:36:11,620 WARNING database DDL Query made to DB:
ALTER TABLE `tabShipping Rule`
				ADD INDEX IF NOT EXISTS `creation`(creation)
2025-12-01 05:36:11,645 WARNING database DDL Query made to DB:
ALTER TABLE `tabShipping Rule` DROP INDEX `modified`
2025-12-01 05:36:11,675 WARNING database DDL Query made to DB:
ALTER TABLE `tabCurrency Exchange`
				ADD INDEX IF NOT EXISTS `creation`(creation)
2025-12-01 05:36:11,699 WARNING database DDL Query made to DB:
ALTER TABLE `tabCurrency Exchange` DROP INDEX `modified`
2025-12-01 05:36:11,727 WARNING database DDL Query made to DB:
ALTER TABLE `tabProduct Bundle`
				ADD INDEX IF NOT EXISTS `creation`(creation)
2025-12-01 05:36:11,749 WARNING database DDL Query made to DB:
ALTER TABLE `tabProduct Bundle` DROP INDEX `modified`
2025-12-01 05:36:11,776 WARNING database DDL Query made to DB:
ALTER TABLE `tabSales Order`
				ADD INDEX IF NOT EXISTS `creation`(creation)
2025-12-01 05:36:11,801 WARNING database DDL Query made to DB:
ALTER TABLE `tabSales Order` DROP INDEX `modified`
2025-12-01 05:36:11,828 WARNING database DDL Query made to DB:
ALTER TABLE `tabCustomer`
				ADD INDEX IF NOT EXISTS `creation`(creation)
2025-12-01 05:36:11,852 WARNING database DDL Query made to DB:
ALTER TABLE `tabCustomer` DROP INDEX `modified`
2025-12-01 05:36:11,882 WARNING database DDL Query made to DB:
ALTER TABLE `tabEvent`
				ADD INDEX IF NOT EXISTS `creation`(creation)
2025-12-01 05:36:11,908 WARNING database DDL Query made to DB:
ALTER TABLE `tabEvent` DROP INDEX `modified`
2025-12-01 05:36:11,939 WARNING database DDL Query made to DB:
ALTER TABLE `tabDelivery Note`
				ADD INDEX IF NOT EXISTS `creation`(creation)
2025-12-01 05:36:11,963 WARNING database DDL Query made to DB:
ALTER TABLE `tabDelivery Note` DROP INDEX `modified`
2025-12-01 05:36:11,994 WARNING database DDL Query made to DB:
ALTER TABLE `tabQuotation`
				ADD INDEX IF NOT EXISTS `creation`(creation)
2025-12-01 05:36:12,017 WARNING database DDL Query made to DB:
ALTER TABLE `tabQuotation` DROP INDEX `modified`
2025-12-01 05:36:12,049 WARNING database DDL Query made to DB:
ALTER TABLE `tabNote`
				ADD INDEX IF NOT EXISTS `creation`(creation)
2025-12-01 05:36:12,071 WARNING database DDL Query made to DB:
ALTER TABLE `tabNote` DROP INDEX `modified`
2025-12-01 05:36:12,102 WARNING database DDL Query made to DB:
ALTER TABLE `tabPOS Profile`
				ADD INDEX IF NOT EXISTS `creation`(creation)
2025-12-01 05:36:12,125 WARNING database DDL Query made to DB:
ALTER TABLE `tabPOS Profile` DROP INDEX `modified`
2025-12-01 05:36:12,153 WARNING database DDL Query made to DB:
ALTER TABLE `tabSupplier Quotation`
				ADD INDEX IF NOT EXISTS `creation`(creation)
2025-12-01 05:36:12,177 WARNING database DDL Query made to DB:
ALTER TABLE `tabSupplier Quotation` DROP INDEX `modified`
2025-12-01 05:36:12,209 WARNING database DDL Query made to DB:
ALTER TABLE `tabPurchase Order`
				ADD INDEX IF NOT EXISTS `creation`(creation)
2025-12-01 05:36:12,234 WARNING database DDL Query made to DB:
ALTER TABLE `tabPurchase Order` DROP INDEX `modified`
2025-12-01 05:36:12,262 WARNING database DDL Query made to DB:
ALTER TABLE `tabPurchase Invoice`
				ADD INDEX IF NOT EXISTS `creation`(creation)
2025-12-01 05:36:12,287 WARNING database DDL Query made to DB:
ALTER TABLE `tabPurchase Invoice` DROP INDEX `modified`
2025-12-01 05:36:12,322 WARNING database DDL Query made to DB:
ALTER TABLE `tabPurchase Receipt`
				ADD INDEX IF NOT EXISTS `creation`(creation)
2025-12-01 05:36:12,349 WARNING database DDL Query made to DB:
ALTER TABLE `tabPurchase Receipt` DROP INDEX `modified`
2025-12-01 05:36:12,381 WARNING database DDL Query made to DB:
ALTER TABLE `tabSerial No`
				ADD INDEX IF NOT EXISTS `creation`(creation)
2025-12-01 05:36:12,403 WARNING database DDL Query made to DB:
ALTER TABLE `tabSerial No` DROP INDEX `modified`
2025-12-01 05:36:12,429 WARNING database DDL Query made to DB:
ALTER TABLE `tabItem`
				ADD INDEX IF NOT EXISTS `creation`(creation)
2025-12-01 05:36:12,453 WARNING database DDL Query made to DB:
ALTER TABLE `tabItem` DROP INDEX `modified`
2025-12-01 05:36:12,483 WARNING database DDL Query made to DB:
ALTER TABLE `tabItem Price`
				ADD INDEX IF NOT EXISTS `creation`(creation)
2025-12-01 05:36:12,505 WARNING database DDL Query made to DB:
ALTER TABLE `tabItem Price` DROP INDEX `modified`
2025-12-01 05:36:12,535 WARNING database DDL Query made to DB:
ALTER TABLE `tabInstallation Note`
				ADD INDEX IF NOT EXISTS `creation`(creation)
2025-12-01 05:36:12,556 WARNING database DDL Query made to DB:
ALTER TABLE `tabInstallation Note` DROP INDEX `modified`
2025-12-01 05:36:12,587 WARNING database DDL Query made to DB:
ALTER TABLE `tabQuality Inspection`
				ADD INDEX IF NOT EXISTS `creation`(creation)
2025-12-01 05:36:12,610 WARNING database DDL Query made to DB:
ALTER TABLE `tabQuality Inspection` DROP INDEX `modified`
2025-12-01 05:36:12,640 WARNING database DDL Query made to DB:
ALTER TABLE `tabSales Partner`
				ADD INDEX IF NOT EXISTS `creation`(creation)
2025-12-01 05:36:12,663 WARNING database DDL Query made to DB:
ALTER TABLE `tabSales Partner` DROP INDEX `modified`
2025-12-01 05:36:12,692 WARNING database DDL Query made to DB:
ALTER TABLE `tabPacking Slip`
				ADD INDEX IF NOT EXISTS `creation`(creation)
2025-12-01 05:36:12,714 WARNING database DDL Query made to DB:
ALTER TABLE `tabPacking Slip` DROP INDEX `modified`
2025-12-01 05:36:12,751 WARNING database DDL Query made to DB:
ALTER TABLE `tabStock Entry`
				ADD INDEX IF NOT EXISTS `creation`(creation)
2025-12-01 05:36:12,779 WARNING database DDL Query made to DB:
ALTER TABLE `tabStock Entry` DROP INDEX `modified`
2025-12-01 05:36:12,812 WARNING database DDL Query made to DB:
ALTER TABLE `tabStock Reconciliation`
				ADD INDEX IF NOT EXISTS `creation`(creation)
2025-12-01 05:36:12,836 WARNING database DDL Query made to DB:
ALTER TABLE `tabStock Reconciliation` DROP INDEX `modified`
2025-12-01 05:36:12,870 WARNING database DDL Query made to DB:
ALTER TABLE `tabWeb Page`
				ADD INDEX IF NOT EXISTS `creation`(creation)
2025-12-01 05:36:12,947 WARNING database DDL Query made to DB:
ALTER TABLE `tabWeb Page` DROP INDEX `modified`
2025-12-01 05:36:12,979 WARNING database DDL Query made to DB:
ALTER TABLE `tabBlog Post`
				ADD INDEX IF NOT EXISTS `creation`(creation)
2025-12-01 05:36:13,008 WARNING database DDL Query made to DB:
ALTER TABLE `tabItem Group`
				ADD INDEX IF NOT EXISTS `creation`(creation)
2025-12-01 05:36:13,032 WARNING database DDL Query made to DB:
ALTER TABLE `tabItem Group` DROP INDEX `modified`
2025-12-01 05:36:13,064 WARNING database DDL Query made to DB:
ALTER TABLE `tabBlogger`
				ADD INDEX IF NOT EXISTS `creation`(creation)
2025-12-01 05:36:13,093 WARNING database DDL Query made to DB:
ALTER TABLE `tabReport`
				ADD INDEX IF NOT EXISTS `creation`(creation)
2025-12-01 05:36:13,117 WARNING database DDL Query made to DB:
ALTER TABLE `tabReport` DROP INDEX `modified`
2025-12-01 05:36:13,149 WARNING database DDL Query made to DB:
ALTER TABLE `tabBlog Category`
				ADD INDEX IF NOT EXISTS `creation`(creation)
2025-12-01 05:36:13,180 WARNING database DDL Query made to DB:
ALTER TABLE `tabOpportunity`
				ADD INDEX IF NOT EXISTS `creation`(creation)
2025-12-01 05:36:13,203 WARNING database DDL Query made to DB:
ALTER TABLE `tabOpportunity` DROP INDEX `modified`
2025-12-01 05:36:13,234 WARNING database DDL Query made to DB:
ALTER TABLE `tabWebsite Slideshow`
				ADD INDEX IF NOT EXISTS `creation`(creation)
2025-12-01 05:36:13,257 WARNING database DDL Query made to DB:
ALTER TABLE `tabWebsite Slideshow` DROP INDEX `modified`
2025-12-01 05:36:13,289 WARNING database DDL Query made to DB:
ALTER TABLE `tabMaterial Request`
				ADD INDEX IF NOT EXISTS `creation`(creation)
2025-12-01 05:36:13,312 WARNING database DDL Query made to DB:
ALTER TABLE `tabMaterial Request` DROP INDEX `modified`
2025-12-01 05:36:13,341 WARNING database DDL Query made to DB:
ALTER TABLE `tabProject`
				ADD INDEX IF NOT EXISTS `creation`(creation)
2025-12-01 05:36:13,365 WARNING database DDL Query made to DB:
ALTER TABLE `tabProject` DROP INDEX `modified`
2025-12-01 05:36:13,394 WARNING database DDL Query made to DB:
ALTER TABLE `tabBatch`
				ADD INDEX IF NOT EXISTS `creation`(creation)
2025-12-01 05:36:13,416 WARNING database DDL Query made to DB:
ALTER TABLE `tabBatch` DROP INDEX `modified`
2025-12-01 05:36:13,446 WARNING database DDL Query made to DB:
ALTER TABLE `tabActivity Type`
				ADD INDEX IF NOT EXISTS `creation`(creation)
2025-12-01 05:36:13,466 WARNING database DDL Query made to DB:
ALTER TABLE `tabActivity Type` DROP INDEX `modified`
2025-12-01 05:36:13,496 WARNING database DDL Query made to DB:
ALTER TABLE `tabTimesheet`
				ADD INDEX IF NOT EXISTS `creation`(creation)
2025-12-01 05:36:13,519 WARNING database DDL Query made to DB:
ALTER TABLE `tabTimesheet` DROP INDEX `modified`
2025-12-01 05:36:13,549 WARNING database DDL Query made to DB:
ALTER TABLE `tabBrand`
				ADD INDEX IF NOT EXISTS `creation`(creation)
2025-12-01 05:36:13,570 WARNING database DDL Query made to DB:
ALTER TABLE `tabBrand` DROP INDEX `modified`
2025-12-01 05:36:13,605 WARNING database DDL Query made to DB:
ALTER TABLE `tabDocType`
				ADD INDEX IF NOT EXISTS `creation`(creation)
2025-12-01 05:36:13,638 WARNING database DDL Query made to DB:
ALTER TABLE `tabDepartment`
				ADD INDEX IF NOT EXISTS `creation`(creation)
2025-12-01 05:36:13,662 WARNING database DDL Query made to DB:
ALTER TABLE `tabDepartment` DROP INDEX `modified`
2025-12-01 05:36:13,690 WARNING database DDL Query made to DB:
ALTER TABLE `tabIssue`
				ADD INDEX IF NOT EXISTS `creation`(creation)
2025-12-01 05:36:13,714 WARNING database DDL Query made to DB:
ALTER TABLE `tabIssue` DROP INDEX `modified`
2025-12-01 05:36:13,745 WARNING database DDL Query made to DB:
ALTER TABLE `tabAccount`
				ADD INDEX IF NOT EXISTS `creation`(creation)
2025-12-01 05:36:13,770 WARNING database DDL Query made to DB:
ALTER TABLE `tabAccount` DROP INDEX `modified`
2025-12-01 05:36:13,807 WARNING database DDL Query made to DB:
ALTER TABLE `tabTask`
				ADD INDEX IF NOT EXISTS `creation`(creation)
2025-12-01 05:36:13,837 WARNING database DDL Query made to DB:
ALTER TABLE `tabTask` DROP INDEX `modified`
2025-12-01 05:36:13,867 WARNING database DDL Query made to DB:
ALTER TABLE `tabStock Ledger Entry`
				ADD INDEX IF NOT EXISTS `creation`(creation)
2025-12-01 05:36:13,893 WARNING database DDL Query made to DB:
ALTER TABLE `tabStock Ledger Entry` DROP INDEX `modified`
2025-12-01 05:36:13,929 WARNING database DDL Query made to DB:
ALTER TABLE `tabCommunication`
				ADD INDEX IF NOT EXISTS `creation`(creation)
2025-12-01 05:36:13,962 WARNING database DDL Query made to DB:
ALTER TABLE `tabCommunication` DROP INDEX `modified`
2025-12-01 05:36:13,996 WARNING database DDL Query made to DB:
ALTER TABLE `tabCurrency`
				ADD INDEX IF NOT EXISTS `creation`(creation)
2025-12-01 05:36:14,027 WARNING database DDL Query made to DB:
ALTER TABLE `tabCurrency` DROP INDEX `modified`
2025-12-01 05:36:14,066 WARNING database DDL Query made to DB:
ALTER TABLE `tabPrice List`
				ADD INDEX IF NOT EXISTS `creation`(creation)
2025-12-01 05:36:14,094 WARNING database DDL Query made to DB:
ALTER TABLE `tabPrice List` DROP INDEX `modified`
2025-12-01 05:36:14,128 WARNING database DDL Query made to DB:
ALTER TABLE `tabCost Center`
				ADD INDEX IF NOT EXISTS `creation`(creation)
2025-12-01 05:36:14,156 WARNING database DDL Query made to DB:
ALTER TABLE `tabCost Center` DROP INDEX `modified`
2025-12-01 05:36:14,204 WARNING database DDL Query made to DB:
ALTER TABLE `tabPrint Format`
				ADD INDEX IF NOT EXISTS `creation`(creation)
2025-12-01 05:36:14,232 WARNING database DDL Query made to DB:
ALTER TABLE `tabPrint Format` DROP INDEX `modified`
2025-12-01 05:36:14,316 WARNING database DDL Query made to DB:
ALTER TABLE `tabFiscal Year`
				ADD INDEX IF NOT EXISTS `creation`(creation)
2025-12-01 05:36:14,387 WARNING database DDL Query made to DB:
ALTER TABLE `tabFiscal Year` DROP INDEX `modified`
2025-12-01 05:36:14,431 WARNING database DDL Query made to DB:
ALTER TABLE `tabBOM`
				ADD INDEX IF NOT EXISTS `creation`(creation)
2025-12-01 05:36:14,462 WARNING database DDL Query made to DB:
ALTER TABLE `tabBOM` DROP INDEX `modified`
2025-12-01 05:36:14,510 WARNING database DDL Query made to DB:
ALTER TABLE `tabCountry`
				ADD INDEX IF NOT EXISTS `creation`(creation)
2025-12-01 05:36:14,550 WARNING database DDL Query made to DB:
ALTER TABLE `tabCountry` DROP INDEX `modified`
2025-12-01 05:36:14,611 WARNING database DDL Query made to DB:
ALTER TABLE `tabPatch Log`
				ADD INDEX IF NOT EXISTS `creation`(creation)
2025-12-01 05:36:14,646 WARNING database DDL Query made to DB:
ALTER TABLE `tabPatch Log` DROP INDEX `modified`
2025-12-01 05:36:14,680 WARNING database DDL Query made to DB:
ALTER TABLE `tabError Log`
				ADD INDEX IF NOT EXISTS `creation`(creation)
2025-12-01 05:36:14,718 WARNING database DDL Query made to DB:
ALTER TABLE `tabError Log` DROP INDEX `modified`
2025-12-01 05:36:14,788 WARNING database DDL Query made to DB:
ALTER TABLE `tabAddress`
				ADD INDEX IF NOT EXISTS `creation`(creation)
2025-12-01 05:36:14,830 WARNING database DDL Query made to DB:
ALTER TABLE `tabAddress` DROP INDEX `modified`
2025-12-01 05:36:14,884 WARNING database DDL Query made to DB:
ALTER TABLE `tabContact`
				ADD INDEX IF NOT EXISTS `creation`(creation)
2025-12-01 05:36:14,920 WARNING database DDL Query made to DB:
ALTER TABLE `tabContact` DROP INDEX `modified`
2025-12-01 05:36:14,963 WARNING database DDL Query made to DB:
ALTER TABLE `tabNewsletter`
				ADD INDEX IF NOT EXISTS `creation`(creation)
2025-12-01 05:36:15,045 WARNING database DDL Query made to DB:
ALTER TABLE `tabMaintenance Visit`
				ADD INDEX IF NOT EXISTS `creation`(creation)
2025-12-01 05:36:15,078 WARNING database DDL Query made to DB:
ALTER TABLE `tabMaintenance Visit` DROP INDEX `modified`
2025-12-01 05:36:15,120 WARNING database DDL Query made to DB:
ALTER TABLE `tabWarranty Claim`
				ADD INDEX IF NOT EXISTS `creation`(creation)
2025-12-01 05:36:15,151 WARNING database DDL Query made to DB:
ALTER TABLE `tabWarranty Claim` DROP INDEX `modified`
2025-12-01 05:36:15,213 WARNING database DDL Query made to DB:
ALTER TABLE `tabMaintenance Schedule`
				ADD INDEX IF NOT EXISTS `creation`(creation)
2025-12-01 05:36:15,252 WARNING database DDL Query made to DB:
ALTER TABLE `tabMaintenance Schedule` DROP INDEX `modified`
2025-12-01 05:36:15,319 WARNING database DDL Query made to DB:
ALTER TABLE `tabBin`
				ADD INDEX IF NOT EXISTS `creation`(creation)
2025-12-01 05:36:15,354 WARNING database DDL Query made to DB:
ALTER TABLE `tabBin` DROP INDEX `modified`
2025-12-01 05:36:15,420 WARNING database DDL Query made to DB:
ALTER TABLE `tabUOM`
				ADD INDEX IF NOT EXISTS `creation`(creation)
2025-12-01 05:36:15,468 WARNING database DDL Query made to DB:
ALTER TABLE `tabUOM` DROP INDEX `modified`
2025-12-01 05:36:15,693 WARNING database DDL Query made to DB:
ALTER TABLE `tabTerritory`
				ADD INDEX IF NOT EXISTS `creation`(creation)
2025-12-01 05:36:15,742 WARNING database DDL Query made to DB:
ALTER TABLE `tabTerritory` DROP INDEX `modified`
2025-12-01 05:36:15,785 WARNING database DDL Query made to DB:
ALTER TABLE `tabSales Person`
				ADD INDEX IF NOT EXISTS `creation`(creation)
2025-12-01 05:36:15,823 WARNING database DDL Query made to DB:
ALTER TABLE `tabSales Person` DROP INDEX `modified`
2025-12-01 05:36:15,891 WARNING database DDL Query made to DB:
ALTER TABLE `tabPrint Heading`
				ADD INDEX IF NOT EXISTS `creation`(creation)
2025-12-01 05:36:15,979 WARNING database DDL Query made to DB:
ALTER TABLE `tabPrint Heading` DROP INDEX `modified`
2025-12-01 05:36:16,020 WARNING database DDL Query made to DB:
ALTER TABLE `tabSupplier Group`
				ADD INDEX IF NOT EXISTS `creation`(creation)
2025-12-01 05:36:16,052 WARNING database DDL Query made to DB:
ALTER TABLE `tabSupplier Group` DROP INDEX `modified`
2025-12-01 05:36:16,090 WARNING database DDL Query made to DB:
ALTER TABLE `tabTerms and Conditions`
				ADD INDEX IF NOT EXISTS `creation`(creation)
2025-12-01 05:36:16,117 WARNING database DDL Query made to DB:
ALTER TABLE `tabTerms and Conditions` DROP INDEX `modified`
2025-12-01 05:36:16,155 WARNING database DDL Query made to DB:
ALTER TABLE `tabQuotation Lost Reason`
				ADD INDEX IF NOT EXISTS `creation`(creation)
2025-12-01 05:36:16,180 WARNING database DDL Query made to DB:
ALTER TABLE `tabQuotation Lost Reason` DROP INDEX `modified`
2025-12-01 05:36:16,214 WARNING database DDL Query made to DB:
ALTER TABLE `tabCustomer Group`
				ADD INDEX IF NOT EXISTS `creation`(creation)
2025-12-01 05:36:16,243 WARNING database DDL Query made to DB:
ALTER TABLE `tabCustomer Group` DROP INDEX `modified`
2025-12-01 05:36:16,278 WARNING database DDL Query made to DB:
ALTER TABLE `tabAuthorization Rule`
				ADD INDEX IF NOT EXISTS `creation`(creation)
2025-12-01 05:36:16,308 WARNING database DDL Query made to DB:
ALTER TABLE `tabAuthorization Rule` DROP INDEX `modified`
2025-12-01 05:36:16,346 WARNING database DDL Query made to DB:
ALTER TABLE `tabCampaign`
				ADD INDEX IF NOT EXISTS `creation`(creation)
2025-12-01 05:36:16,375 WARNING database DDL Query made to DB:
ALTER TABLE `tabCampaign` DROP INDEX `modified`
2025-12-01 05:36:16,408 WARNING database DDL Query made to DB:
ALTER TABLE `tabWorkstation`
				ADD INDEX IF NOT EXISTS `creation`(creation)
2025-12-01 05:36:16,434 WARNING database DDL Query made to DB:
ALTER TABLE `tabWorkstation` DROP INDEX `modified`
2025-12-01 05:36:16,471 WARNING database DDL Query made to DB:
ALTER TABLE `tabHoliday List`
				ADD INDEX IF NOT EXISTS `creation`(creation)
2025-12-01 05:36:16,503 WARNING database DDL Query made to DB:
ALTER TABLE `tabHoliday List` DROP INDEX `modified`
2025-12-01 05:36:16,544 WARNING database DDL Query made to DB:
ALTER TABLE `tabBranch`
				ADD INDEX IF NOT EXISTS `creation`(creation)
2025-12-01 05:36:16,581 WARNING database DDL Query made to DB:
ALTER TABLE `tabBranch` DROP INDEX `modified`
2025-12-01 05:36:16,645 WARNING database DDL Query made to DB:
ALTER TABLE `tabDesignation`
				ADD INDEX IF NOT EXISTS `creation`(creation)
2025-12-01 05:36:16,677 WARNING database DDL Query made to DB:
ALTER TABLE `tabDesignation` DROP INDEX `modified`
2025-12-01 05:36:16,716 WARNING database DDL Query made to DB:
ALTER TABLE `tabSupplier`
				ADD INDEX IF NOT EXISTS `creation`(creation)
2025-12-01 05:36:16,740 WARNING database DDL Query made to DB:
ALTER TABLE `tabSupplier` DROP INDEX `modified`
2025-12-01 05:36:16,774 WARNING database DDL Query made to DB:
ALTER TABLE `tabSales Taxes and Charges Template`
				ADD INDEX IF NOT EXISTS `creation`(creation)
2025-12-01 05:36:16,802 WARNING database DDL Query made to DB:
ALTER TABLE `tabSales Taxes and Charges Template` DROP INDEX `modified`
2025-12-01 05:36:16,843 WARNING database DDL Query made to DB:
ALTER TABLE `tabPurchase Taxes and Charges Template`
				ADD INDEX IF NOT EXISTS `creation`(creation)
2025-12-01 05:36:16,898 WARNING database DDL Query made to DB:
ALTER TABLE `tabPurchase Taxes and Charges Template` DROP INDEX `modified`
2025-12-01 05:36:16,937 WARNING database DDL Query made to DB:
ALTER TABLE `tabPeriod Closing Voucher`
				ADD INDEX IF NOT EXISTS `creation`(creation)
2025-12-01 05:36:16,962 WARNING database DDL Query made to DB:
ALTER TABLE `tabPeriod Closing Voucher` DROP INDEX `modified`
2025-12-01 05:36:16,995 WARNING database DDL Query made to DB:
ALTER TABLE `tabGL Entry`
				ADD INDEX IF NOT EXISTS `creation`(creation)
2025-12-01 05:36:17,023 WARNING database DDL Query made to DB:
ALTER TABLE `tabGL Entry` DROP INDEX `modified`
2025-12-01 05:36:17,061 WARNING database DDL Query made to DB:
ALTER TABLE `tabMonthly Distribution`
				ADD INDEX IF NOT EXISTS `creation`(creation)
2025-12-01 05:36:17,089 WARNING database DDL Query made to DB:
ALTER TABLE `tabMonthly Distribution` DROP INDEX `modified`
2025-12-01 05:36:17,123 WARNING database DDL Query made to DB:
ALTER TABLE `tabProperty Setter`
				ADD INDEX IF NOT EXISTS `creation`(creation)
2025-12-01 05:36:17,151 WARNING database DDL Query made to DB:
ALTER TABLE `tabProperty Setter` DROP INDEX `modified`
2025-12-01 05:36:17,183 WARNING database DDL Query made to DB:
ALTER TABLE `tabModule Def`
				ADD INDEX IF NOT EXISTS `creation`(creation)
2025-12-01 05:36:17,209 WARNING database DDL Query made to DB:
ALTER TABLE `tabModule Def` DROP INDEX `modified`
2025-12-01 05:36:17,245 WARNING database DDL Query made to DB:
ALTER TABLE `tabClient Script`
				ADD INDEX IF NOT EXISTS `creation`(creation)
2025-12-01 05:36:17,271 WARNING database DDL Query made to DB:
ALTER TABLE `tabClient Script` DROP INDEX `modified`
2025-12-01 05:36:17,314 WARNING database DDL Query made to DB:
ALTER TABLE `tabRole`
				ADD INDEX IF NOT EXISTS `creation`(creation)
2025-12-01 05:36:17,343 WARNING database DDL Query made to DB:
ALTER TABLE `tabRole` DROP INDEX `modified`
2025-12-01 05:36:17,380 WARNING database DDL Query made to DB:
ALTER TABLE `tabWorkflow State`
				ADD INDEX IF NOT EXISTS `creation`(creation)
2025-12-01 05:36:17,403 WARNING database DDL Query made to DB:
ALTER TABLE `tabWorkflow State` DROP INDEX `modified`
2025-12-01 05:36:17,443 WARNING database DDL Query made to DB:
ALTER TABLE `tabWorkflow Action Master`
				ADD INDEX IF NOT EXISTS `creation`(creation)
2025-12-01 05:36:17,490 WARNING database DDL Query made to DB:
ALTER TABLE `tabWorkflow Action Master` DROP INDEX `modified`
2025-12-01 05:36:17,522 WARNING database DDL Query made to DB:
ALTER TABLE `tabWorkflow`
				ADD INDEX IF NOT EXISTS `creation`(creation)
2025-12-01 05:36:17,547 WARNING database DDL Query made to DB:
ALTER TABLE `tabWorkflow` DROP INDEX `modified`
2025-12-01 05:36:17,577 WARNING database DDL Query made to DB:
ALTER TABLE `tabPage`
				ADD INDEX IF NOT EXISTS `creation`(creation)
2025-12-01 05:36:17,606 WARNING database DDL Query made to DB:
ALTER TABLE `tabPage` DROP INDEX `modified`
2025-12-01 05:36:17,638 WARNING database DDL Query made to DB:
ALTER TABLE `tabFile`
				ADD INDEX IF NOT EXISTS `creation`(creation)
2025-12-01 05:36:17,682 WARNING database DDL Query made to DB:
ALTER TABLE `tabMode of Payment`
				ADD INDEX IF NOT EXISTS `creation`(creation)
2025-12-01 05:36:17,711 WARNING database DDL Query made to DB:
ALTER TABLE `tabMode of Payment` DROP INDEX `modified`
2025-12-01 05:36:17,745 WARNING database DDL Query made to DB:
ALTER TABLE `tabLetter Head`
				ADD INDEX IF NOT EXISTS `creation`(creation)
2025-12-01 05:36:17,769 WARNING database DDL Query made to DB:
ALTER TABLE `tabLetter Head` DROP INDEX `modified`
2025-12-01 05:36:17,800 WARNING database DDL Query made to DB:
ALTER TABLE `tabEmail Queue`
				ADD INDEX IF NOT EXISTS `creation`(creation)
2025-12-01 05:36:17,826 WARNING database DDL Query made to DB:
ALTER TABLE `tabEmail Queue` DROP INDEX `modified`
2025-12-01 05:36:17,064 WARNING database DDL Query made to DB:
ALTER TABLE `tabToDo`
				ADD INDEX IF NOT EXISTS `creation`(creation)
2025-12-01 05:36:17,086 WARNING database DDL Query made to DB:
ALTER TABLE `tabToDo` DROP INDEX `modified`
2025-12-01 05:36:17,127 WARNING database DDL Query made to DB:
ALTER TABLE `tabSMS Log`
				ADD INDEX IF NOT EXISTS `creation`(creation)
2025-12-01 05:36:17,186 WARNING database DDL Query made to DB:
ALTER TABLE `tabSMS Log` DROP INDEX `modified`
2025-12-01 05:36:17,239 WARNING database DDL Query made to DB:
ALTER TABLE `tabIndustry Type`
				ADD INDEX IF NOT EXISTS `creation`(creation)
2025-12-01 05:36:17,264 WARNING database DDL Query made to DB:
ALTER TABLE `tabIndustry Type` DROP INDEX `modified`
2025-12-01 05:36:19,303 WARNING database DDL Query made to DB:
ALTER TABLE `tabCommunication` DROP INDEX `reference_doctype_reference_name_index`
2025-12-01 05:36:20,209 WARNING database DDL Query made to DB:
ALTER TABLE `tabUTM Campaign` ADD COLUMN `crm_campaign` varchar(140)
2025-12-01 05:36:20,502 WARNING database DDL Query made to DB:
ALTER TABLE `tabStock Closing Balance` ADD COLUMN `account` varchar(140)
2025-12-01 05:36:20,530 WARNING database DDL Query made to DB:
ALTER TABLE `tabStock Closing Balance` ADD INDEX `account_index`(`account`)
2025-12-01 05:36:20,800 WARNING database DDL Query made to DB:
ALTER TABLE `tabStock Ledger Entry` DROP INDEX `batch_no_item_code_warehouse_index`
