2025-11-29 09:32:00,825 ERROR scheduler Skipped queueing frappe.website.doctype.personal_data_deletion_request.personal_data_deletion_request.process_data_deletion_request because it was found in queue for crm.localhost
2025-11-29 09:32:00,829 ERROR scheduler Skipped queueing frappe.email.doctype.email_account.email_account.notify_unreplied because it was found in queue for crm.localhost
2025-11-29 09:32:00,831 ERROR scheduler Skipped queueing erpnext.utilities.bulk_transaction.retry because it was found in queue for crm.localhost
2025-11-29 09:32:00,832 ERROR scheduler Skipped queueing frappe.email.queue.flush because it was found in queue for crm.localhost
2025-11-29 09:32:00,834 ERROR scheduler Skipped queueing frappe.email.queue.retry_sending_emails because it was found in queue for crm.localhost
2025-11-29 09:32:00,835 ERROR scheduler Skipped queueing frappe.search.sqlite_search.build_index_if_not_exists because it was found in queue for crm.localhost
2025-11-29 09:32:00,836 ERROR scheduler Skipped queueing frappe.model.utils.user_settings.sync_user_settings because it was found in queue for crm.localhost
2025-11-29 09:32:00,838 ERROR scheduler Skipped queueing erpnext.stock.doctype.repost_item_valuation.repost_item_valuation.repost_entries because it was found in queue for crm.localhost
2025-11-29 09:32:00,841 ERROR scheduler Skipped queueing erpnext.projects.doctype.project.project.collect_project_status because it was found in queue for crm.localhost
2025-11-29 09:32:00,843 ERROR scheduler Skipped queueing frappe.oauth.delete_oauth2_data because it was found in queue for crm.localhost
2025-11-29 09:32:00,845 ERROR scheduler Skipped queueing erpnext.projects.doctype.project.project.project_status_update_reminder because it was found in queue for crm.localhost
2025-11-29 09:32:00,847 ERROR scheduler Skipped queueing crm.lead_syncing.background_sync.sync_leads_from_sources_15_minutes because it was found in queue for crm.localhost
2025-11-29 09:32:00,850 ERROR scheduler Skipped queueing frappe.deferred_insert.save_to_db because it was found in queue for crm.localhost
2025-11-29 09:32:00,852 ERROR scheduler Skipped queueing frappe.desk.utils.delete_old_exported_report_files because it was found in queue for crm.localhost
2025-11-29 09:32:00,854 ERROR scheduler Skipped queueing frappe.automation.doctype.reminder.reminder.send_reminders because it was found in queue for crm.localhost
2025-11-29 09:32:00,857 ERROR scheduler Skipped queueing crm.lead_syncing.background_sync.sync_leads_from_sources_hourly because it was found in queue for crm.localhost
2025-11-29 09:32:00,860 ERROR scheduler Skipped queueing frappe.desk.form.document_follow.send_hourly_updates because it was found in queue for crm.localhost
2025-11-29 09:32:00,863 ERROR scheduler Skipped queueing frappe.website.doctype.web_page.web_page.check_publish_status because it was found in queue for crm.localhost
2025-11-29 09:32:00,866 ERROR scheduler Skipped queueing frappe.email.doctype.newsletter.newsletter.send_scheduled_email because it was found in queue for crm.localhost
2025-11-29 09:32:00,867 ERROR scheduler Skipped queueing erpnext.erpnext_integrations.doctype.plaid_settings.plaid_settings.automatic_synchronization because it was found in queue for crm.localhost
2025-11-29 09:32:00,869 ERROR scheduler Skipped queueing frappe.core.doctype.prepared_report.prepared_report.expire_stalled_report because it was found in queue for crm.localhost
2025-11-29 09:32:00,871 ERROR scheduler Skipped queueing frappe.twofactor.delete_all_barcodes_for_users because it was found in queue for crm.localhost
2025-11-29 09:32:00,876 ERROR scheduler Skipped queueing frappe.model.utils.link_count.update_link_count because it was found in queue for crm.localhost
2025-11-29 09:32:00,879 ERROR scheduler Skipped queueing frappe.pulse.client.send_queued_events because it was found in queue for crm.localhost
2025-11-29 09:32:00,881 ERROR scheduler Skipped queueing frappe.monitor.flush because it was found in queue for crm.localhost
2025-11-29 09:32:00,883 ERROR scheduler Skipped queueing frappe.desk.page.backups.backups.delete_downloadable_backups because it was found in queue for crm.localhost
2025-11-29 09:32:00,885 ERROR scheduler Skipped queueing erpnext.projects.doctype.project.project.hourly_reminder because it was found in queue for crm.localhost
2025-11-29 09:32:00,886 ERROR scheduler Skipped queueing frappe.integrations.doctype.google_calendar.google_calendar.sync because it was found in queue for crm.localhost
